0:0:0:0:0:0:0:1 - - [27/Mar/2017:20:57:34 +0200] "GET / HTTP/1.1" 304 - 278
0:0:0:0:0:0:0:1 - - [27/Mar/2017:20:57:34 +0200] "GET /static/styles/app.css HTTP/1.1" 304 - 72
0:0:0:0:0:0:0:1 - - [27/Mar/2017:20:57:34 +0200] "GET /static/scripts/controllers/SubjectController.js HTTP/1.1" 304 - 69
0:0:0:0:0:0:0:1 - - [27/Mar/2017:20:57:34 +0200] "GET /static/styles/font-awesome.css HTTP/1.1" 304 - 135
0:0:0:0:0:0:0:1 - - [27/Mar/2017:20:57:36 +0200] "GET /api/subjects HTTP/1.1" 200 193 880
0:0:0:0:0:0:0:1 - - [27/Mar/2017:20:57:41 +0200] "GET /api/subjects/3 HTTP/1.1" 200 103 309
0:0:0:0:0:0:0:1 - - [27/Mar/2017:20:57:41 +0200] "GET /api/subjects/3/available HTTP/1.1" 200 12 315
0:0:0:0:0:0:0:1 - - [27/Mar/2017:20:57:41 +0200] "GET /api/students HTTP/1.1" 200 526 311
0:0:0:0:0:0:0:1 - - [27/Mar/2017:20:57:41 +0200] "GET /api/subjectdependency/subject/3 HTTP/1.1" 200 231 324
0:0:0:0:0:0:0:1 - - [27/Mar/2017:20:57:41 +0200] "GET /api/subjects/3/duties HTTP/1.1" 200 366 332
0:0:0:0:0:0:0:1 - - [27/Mar/2017:20:57:41 +0200] "GET /api/subjects/3/students HTTP/1.1" 200 296 346
0:0:0:0:0:0:0:1 - - [27/Mar/2017:20:57:41 +0200] "GET /api/professors HTTP/1.1" 200 243 83
0:0:0:0:0:0:0:1 - - [27/Mar/2017:20:57:41 +0200] "GET /api/professorRoles/subjects/3 HTTP/1.1" 200 12 73
0:0:0:0:0:0:0:1 - - [27/Mar/2017:21:07:18 +0200] "GET /static/views/students.html HTTP/1.1" 200 2907 142
0:0:0:0:0:0:0:1 - - [27/Mar/2017:21:07:18 +0200] "GET /api/students/search?size=20 HTTP/1.1" 200 12 790
0:0:0:0:0:0:0:1 - - [27/Mar/2017:21:07:18 +0200] "GET /api/students/count HTTP/1.1" 200 11 803
0:0:0:0:0:0:0:1 - - [27/Mar/2017:21:07:18 +0200] "GET /api/students?page=0&size=20 HTTP/1.1" 200 526 838
0:0:0:0:0:0:0:1 - - [27/Mar/2017:21:07:18 +0200] "GET /api/students?page=0&size=20 HTTP/1.1" 200 526 38
0:0:0:0:0:0:0:1 - - [27/Mar/2017:21:07:20 +0200] "GET /static/views/student.html HTTP/1.1" 200 9212 85
0:0:0:0:0:0:0:1 - - [27/Mar/2017:21:07:20 +0200] "GET /api/students/2 HTTP/1.1" 200 294 46
0:0:0:0:0:0:0:1 - - [27/Mar/2017:21:07:20 +0200] "GET /api/students/2/exams HTTP/1.1" 200 12 139
0:0:0:0:0:0:0:1 - - [27/Mar/2017:21:07:20 +0200] "GET /api/students/2/payments HTTP/1.1" 200 397 170
0:0:0:0:0:0:0:1 - - [27/Mar/2017:21:07:20 +0200] "GET /api/students/2/files HTTP/1.1" 200 109 132
0:0:0:0:0:0:0:1 - - [27/Mar/2017:21:07:20 +0200] "GET /api/studentsubject/student/2 HTTP/1.1" 200 454 132
0:0:0:0:0:0:0:1 - - [27/Mar/2017:21:07:20 +0200] "GET /api/students/2/subjects HTTP/1.1" 200 105 173
0:0:0:0:0:0:0:1 - - [27/Mar/2017:21:07:20 +0200] "GET /static/images/profile.png HTTP/1.1" 200 11837 20
0:0:0:0:0:0:0:1 - - [27/Mar/2017:21:07:20 +0200] "GET /%7B%7Buser.picturePath%7D%7D HTTP/1.1" 404 152 65
0:0:0:0:0:0:0:1 - - [27/Mar/2017:21:07:20 +0200] "GET /resources/profileImages/1488030207547_200_s.gif HTTP/1.1" 200 42225 23
0:0:0:0:0:0:0:1 - - [27/Mar/2017:21:08:07 +0200] "GET /static/views/professors.html HTTP/1.1" 200 2083 14
0:0:0:0:0:0:0:1 - - [27/Mar/2017:21:08:07 +0200] "GET /api/professors HTTP/1.1" 200 243 26
0:0:0:0:0:0:0:1 - - [27/Mar/2017:21:08:09 +0200] "GET /static/views/professor.html HTTP/1.1" 200 4103 6
0:0:0:0:0:0:0:1 - - [27/Mar/2017:21:08:09 +0200] "GET /api/professors/3 HTTP/1.1" 200 241 34
0:0:0:0:0:0:0:1 - - [27/Mar/2017:21:08:09 +0200] "GET /%7B%7Buser.picturePath%7D%7D HTTP/1.1" 404 152 22
0:0:0:0:0:0:0:1 - - [27/Mar/2017:21:08:09 +0200] "GET /api/professors/3/roles HTTP/1.1" 200 12 110
0:0:0:0:0:0:0:1 - - [27/Mar/2017:21:08:24 +0200] "POST /api/professors/3/pictures HTTP/1.1" 200 - 533
0:0:0:0:0:0:0:1 - - [27/Mar/2017:21:08:24 +0200] "GET /api/professors/3 HTTP/1.1" 200 351 19
0:0:0:0:0:0:0:1 - - [27/Mar/2017:21:08:24 +0200] "GET /resources/profileImages/1490641704519_minato-namikaze-sage-mode-uzumaki-naruto-jiraiya-1920x1080-wallpaper.jpg HTTP/1.1" 200 106842 20
0:0:0:0:0:0:0:1 - - [27/Mar/2017:21:08:27 +0200] "GET / HTTP/1.1" 200 3670 31
0:0:0:0:0:0:0:1 - - [27/Mar/2017:21:08:27 +0200] "GET /static/styles/app.css HTTP/1.1" 304 - 9
0:0:0:0:0:0:0:1 - - [27/Mar/2017:21:08:27 +0200] "GET /static/styles/font-awesome.css HTTP/1.1" 304 - 12
0:0:0:0:0:0:0:1 - - [27/Mar/2017:21:08:27 +0200] "GET /static/css/bootstrap.min.css HTTP/1.1" 200 130871 19
0:0:0:0:0:0:0:1 - - [27/Mar/2017:21:08:27 +0200] "GET /static/css/oneSubject.css HTTP/1.1" 200 882 7
0:0:0:0:0:0:0:1 - - [27/Mar/2017:21:08:27 +0200] "GET /static/css/flags.css HTTP/1.1" 200 12233 8
0:0:0:0:0:0:0:1 - - [27/Mar/2017:21:08:27 +0200] "GET /static/scripts/controllers/SubjectController.js HTTP/1.1" 304 - 47
0:0:0:0:0:0:0:1 - - [27/Mar/2017:21:08:28 +0200] "GET /api/professors/3 HTTP/1.1" 200 351 13
0:0:0:0:0:0:0:1 - - [27/Mar/2017:21:08:28 +0200] "GET /api/professors/3/roles HTTP/1.1" 200 12 27
0:0:0:0:0:0:0:1 - - [27/Mar/2017:21:08:28 +0200] "GET /%7B%7Buser.picturePath%7D%7D HTTP/1.1" 404 152 12
0:0:0:0:0:0:0:1 - - [27/Mar/2017:21:08:28 +0200] "GET /resources/profileImages/1490641704519_minato-namikaze-sage-mode-uzumaki-naruto-jiraiya-1920x1080-wallpaper.jpg HTTP/1.1" 304 - 5
0:0:0:0:0:0:0:1 - - [27/Mar/2017:21:08:32 +0200] "GET /api/students?page=0&size=20 HTTP/1.1" 200 526 16
0:0:0:0:0:0:0:1 - - [27/Mar/2017:21:08:32 +0200] "GET /api/students/count HTTP/1.1" 200 11 22
0:0:0:0:0:0:0:1 - - [27/Mar/2017:21:08:32 +0200] "GET /api/students/search?size=20 HTTP/1.1" 200 12 15
0:0:0:0:0:0:0:1 - - [27/Mar/2017:21:08:33 +0200] "GET /api/students?page=0&size=20 HTTP/1.1" 200 526 18
0:0:0:0:0:0:0:1 - - [27/Mar/2017:21:08:34 +0200] "GET /api/students/4 HTTP/1.1" 200 240 32
0:0:0:0:0:0:0:1 - - [27/Mar/2017:21:08:34 +0200] "GET /api/studentsubject/student/4 HTTP/1.1" 200 401 33
0:0:0:0:0:0:0:1 - - [27/Mar/2017:21:08:34 +0200] "GET /api/students/4/files HTTP/1.1" 200 12 14
0:0:0:0:0:0:0:1 - - [27/Mar/2017:21:08:34 +0200] "GET /api/students/4/subjects HTTP/1.1" 200 12 37
0:0:0:0:0:0:0:1 - - [27/Mar/2017:21:08:34 +0200] "GET /api/students/4/payments HTTP/1.1" 200 12 22
0:0:0:0:0:0:0:1 - - [27/Mar/2017:21:08:34 +0200] "GET /api/students/4/exams HTTP/1.1" 200 12 22
0:0:0:0:0:0:0:1 - - [27/Mar/2017:21:08:34 +0200] "GET /%7B%7Buser.picturePath%7D%7D HTTP/1.1" 404 152 7
0:0:0:0:0:0:0:1 - - [27/Mar/2017:21:08:38 +0200] "GET /api/students?page=0&size=20 HTTP/1.1" 200 526 23
0:0:0:0:0:0:0:1 - - [27/Mar/2017:21:08:38 +0200] "GET /api/students/search?size=20 HTTP/1.1" 200 12 6
0:0:0:0:0:0:0:1 - - [27/Mar/2017:21:08:38 +0200] "GET /api/students/count HTTP/1.1" 200 11 43
0:0:0:0:0:0:0:1 - - [27/Mar/2017:21:08:38 +0200] "GET /api/students?page=0&size=20 HTTP/1.1" 200 526 32
0:0:0:0:0:0:0:1 - - [27/Mar/2017:21:08:52 +0200] "GET /api/studentsubject/student/2 HTTP/1.1" 200 454 18
0:0:0:0:0:0:0:1 - - [27/Mar/2017:21:08:52 +0200] "GET /api/students/2 HTTP/1.1" 200 294 72
0:0:0:0:0:0:0:1 - - [27/Mar/2017:21:08:52 +0200] "GET /api/students/2/payments HTTP/1.1" 200 397 21
0:0:0:0:0:0:0:1 - - [27/Mar/2017:21:08:52 +0200] "GET /%7B%7Buser.picturePath%7D%7D HTTP/1.1" 404 152 8
0:0:0:0:0:0:0:1 - - [27/Mar/2017:21:08:52 +0200] "GET /api/students/2/subjects HTTP/1.1" 200 105 144
0:0:0:0:0:0:0:1 - - [27/Mar/2017:21:08:52 +0200] "GET /api/students/2/files HTTP/1.1" 200 109 154
0:0:0:0:0:0:0:1 - - [27/Mar/2017:21:08:52 +0200] "GET /api/students/2/exams HTTP/1.1" 200 12 127
0:0:0:0:0:0:0:1 - - [27/Mar/2017:21:08:53 +0200] "GET /api/students/count HTTP/1.1" 200 11 15
0:0:0:0:0:0:0:1 - - [27/Mar/2017:21:08:53 +0200] "GET /api/students?page=0&size=20 HTTP/1.1" 200 526 33
0:0:0:0:0:0:0:1 - - [27/Mar/2017:21:08:53 +0200] "GET /api/students/search?size=20 HTTP/1.1" 200 12 10
0:0:0:0:0:0:0:1 - - [27/Mar/2017:21:08:53 +0200] "GET /api/students?page=0&size=20 HTTP/1.1" 200 526 16
0:0:0:0:0:0:0:1 - - [27/Mar/2017:21:08:59 +0200] "GET /static/views/modals/user.html HTTP/1.1" 200 5688 7
0:0:0:0:0:0:0:1 - - [27/Mar/2017:21:09:21 +0200] "PUT /api/students HTTP/1.1" 200 294 160
0:0:0:0:0:0:0:1 - - [27/Mar/2017:21:09:21 +0200] "GET /api/students?page=0&size=20 HTTP/1.1" 200 526 18
0:0:0:0:0:0:0:1 - - [27/Mar/2017:21:09:54 +0200] "PUT /api/students HTTP/1.1" 200 240 95
0:0:0:0:0:0:0:1 - - [27/Mar/2017:21:09:54 +0200] "GET /api/students?page=0&size=20 HTTP/1.1" 200 526 27
0:0:0:0:0:0:0:1 - - [27/Mar/2017:21:10:02 +0200] "GET /api/studentsubject/student/4 HTTP/1.1" 200 401 18
0:0:0:0:0:0:0:1 - - [27/Mar/2017:21:10:02 +0200] "GET /api/students/4/files HTTP/1.1" 200 12 13
0:0:0:0:0:0:0:1 - - [27/Mar/2017:21:10:02 +0200] "GET /api/students/4 HTTP/1.1" 200 240 34
0:0:0:0:0:0:0:1 - - [27/Mar/2017:21:10:02 +0200] "GET /api/students/4/payments HTTP/1.1" 200 12 12
0:0:0:0:0:0:0:1 - - [27/Mar/2017:21:10:02 +0200] "GET /api/students/4/exams HTTP/1.1" 200 12 10
0:0:0:0:0:0:0:1 - - [27/Mar/2017:21:10:02 +0200] "GET /%7B%7Buser.picturePath%7D%7D HTTP/1.1" 404 152 6
0:0:0:0:0:0:0:1 - - [27/Mar/2017:21:10:02 +0200] "GET /api/students/4/subjects HTTP/1.1" 200 12 56
0:0:0:0:0:0:0:1 - - [27/Mar/2017:21:10:07 +0200] "GET /api/students?page=0&size=20 HTTP/1.1" 200 526 12
0:0:0:0:0:0:0:1 - - [27/Mar/2017:21:10:07 +0200] "GET /api/students/count HTTP/1.1" 200 11 11
0:0:0:0:0:0:0:1 - - [27/Mar/2017:21:10:07 +0200] "GET /api/students/search?size=20 HTTP/1.1" 200 12 12
0:0:0:0:0:0:0:1 - - [27/Mar/2017:21:10:07 +0200] "GET /api/students?page=0&size=20 HTTP/1.1" 200 526 15
0:0:0:0:0:0:0:1 - - [27/Mar/2017:21:10:07 +0200] "GET /api/students/2 HTTP/1.1" 200 294 12
0:0:0:0:0:0:0:1 - - [27/Mar/2017:21:10:07 +0200] "GET /api/students/2/files HTTP/1.1" 200 109 17
0:0:0:0:0:0:0:1 - - [27/Mar/2017:21:10:07 +0200] "GET /api/studentsubject/student/2 HTTP/1.1" 200 454 43
0:0:0:0:0:0:0:1 - - [27/Mar/2017:21:10:07 +0200] "GET /api/students/2/subjects HTTP/1.1" 200 105 15
0:0:0:0:0:0:0:1 - - [27/Mar/2017:21:10:07 +0200] "GET /api/students/2/exams HTTP/1.1" 200 12 16
0:0:0:0:0:0:0:1 - - [27/Mar/2017:21:10:07 +0200] "GET /api/students/2/payments HTTP/1.1" 200 397 37
0:0:0:0:0:0:0:1 - - [27/Mar/2017:21:10:08 +0200] "GET /%7B%7Buser.picturePath%7D%7D HTTP/1.1" 404 152 7
0:0:0:0:0:0:0:1 - - [27/Mar/2017:21:10:08 +0200] "GET /api/students?page=0&size=20 HTTP/1.1" 200 526 44
0:0:0:0:0:0:0:1 - - [27/Mar/2017:21:10:08 +0200] "GET /api/students/count HTTP/1.1" 200 11 17
0:0:0:0:0:0:0:1 - - [27/Mar/2017:21:10:08 +0200] "GET /api/students/search?size=20 HTTP/1.1" 200 12 20
0:0:0:0:0:0:0:1 - - [27/Mar/2017:21:10:08 +0200] "GET /api/students?page=0&size=20 HTTP/1.1" 200 526 28
0:0:0:0:0:0:0:1 - - [27/Mar/2017:21:10:09 +0200] "GET /api/students/4 HTTP/1.1" 200 240 11
0:0:0:0:0:0:0:1 - - [27/Mar/2017:21:10:09 +0200] "GET /api/students/4/files HTTP/1.1" 200 12 10
0:0:0:0:0:0:0:1 - - [27/Mar/2017:21:10:09 +0200] "GET /api/students/4/subjects HTTP/1.1" 200 12 16
0:0:0:0:0:0:0:1 - - [27/Mar/2017:21:10:09 +0200] "GET /api/studentsubject/student/4 HTTP/1.1" 200 401 50
0:0:0:0:0:0:0:1 - - [27/Mar/2017:21:10:09 +0200] "GET /api/students/4/payments HTTP/1.1" 200 12 26
0:0:0:0:0:0:0:1 - - [27/Mar/2017:21:10:09 +0200] "GET /api/students/4/exams HTTP/1.1" 200 12 34
0:0:0:0:0:0:0:1 - - [27/Mar/2017:21:10:09 +0200] "GET /%7B%7Buser.picturePath%7D%7D HTTP/1.1" 404 152 14
0:0:0:0:0:0:0:1 - - [27/Mar/2017:21:11:09 +0200] "POST /api/students/4/pictures HTTP/1.1" 200 - 171
0:0:0:0:0:0:0:1 - - [27/Mar/2017:21:11:09 +0200] "GET /api/students/4 HTTP/1.1" 200 295 37
0:0:0:0:0:0:0:1 - - [27/Mar/2017:21:11:09 +0200] "GET /resources/profileImages/1490641869208_Sasuke_Uchiha.png HTTP/1.1" 200 833317 64
0:0:0:0:0:0:0:1 - - [27/Mar/2017:21:11:43 +0200] "GET /api/students?page=0&size=20 HTTP/1.1" 200 580 19
0:0:0:0:0:0:0:1 - - [27/Mar/2017:21:11:43 +0200] "GET /api/students/count HTTP/1.1" 200 11 10
0:0:0:0:0:0:0:1 - - [27/Mar/2017:21:11:43 +0200] "GET /api/students/search?size=20 HTTP/1.1" 200 12 9
0:0:0:0:0:0:0:1 - - [27/Mar/2017:21:11:43 +0200] "GET /api/students?page=0&size=20 HTTP/1.1" 200 580 13
0:0:0:0:0:0:0:1 - - [27/Mar/2017:21:12:08 +0200] "GET /api/students/2 HTTP/1.1" 200 294 14
0:0:0:0:0:0:0:1 - - [27/Mar/2017:21:12:08 +0200] "GET /api/students/2/files HTTP/1.1" 200 109 8
0:0:0:0:0:0:0:1 - - [27/Mar/2017:21:12:08 +0200] "GET /api/students/2/subjects HTTP/1.1" 200 105 32
0:0:0:0:0:0:0:1 - - [27/Mar/2017:21:12:08 +0200] "GET /api/studentsubject/student/2 HTTP/1.1" 200 454 77
0:0:0:0:0:0:0:1 - - [27/Mar/2017:21:12:08 +0200] "GET /api/students/2/payments HTTP/1.1" 200 397 44
0:0:0:0:0:0:0:1 - - [27/Mar/2017:21:12:08 +0200] "GET /api/students/2/exams HTTP/1.1" 200 12 21
0:0:0:0:0:0:0:1 - - [27/Mar/2017:21:12:08 +0200] "GET /%7B%7Buser.picturePath%7D%7D HTTP/1.1" 404 152 11
0:0:0:0:0:0:0:1 - - [27/Mar/2017:21:12:12 +0200] "GET /api/students/2/files/1 HTTP/1.1" 200 143169 32
0:0:0:0:0:0:0:1 - - [27/Mar/2017:21:12:15 +0200] "GET /static/styles/app.css HTTP/1.1" 304 - 7
0:0:0:0:0:0:0:1 - - [27/Mar/2017:21:12:15 +0200] "GET /static/styles/font-awesome.css HTTP/1.1" 304 - 5
0:0:0:0:0:0:0:1 - - [27/Mar/2017:21:12:23 +0200] "GET /download/2/1 HTTP/1.1" 200 143021 32
0:0:0:0:0:0:0:1 - - [27/Mar/2017:21:20:07 +0200] "GET /api/students/2/files/1 HTTP/1.1" 200 143169 36
0:0:0:0:0:0:0:1 - - [27/Mar/2017:21:20:08 +0200] "GET /api/students/2/files/1 HTTP/1.1" 200 143169 19
0:0:0:0:0:0:0:1 - - [27/Mar/2017:21:20:10 +0200] "GET /api/students/2/files/1 HTTP/1.1" 200 143169 16
0:0:0:0:0:0:0:1 - - [27/Mar/2017:21:20:12 +0200] "GET / HTTP/1.1" 200 3670 15
0:0:0:0:0:0:0:1 - - [27/Mar/2017:21:20:12 +0200] "GET /static/styles/app.css HTTP/1.1" 200 2211 7
0:0:0:0:0:0:0:1 - - [27/Mar/2017:21:20:12 +0200] "GET /static/styles/font-awesome.css HTTP/1.1" 200 72243 8
0:0:0:0:0:0:0:1 - - [27/Mar/2017:21:20:12 +0200] "GET /static/css/bootstrap.min.css HTTP/1.1" 200 130871 11
0:0:0:0:0:0:0:1 - - [27/Mar/2017:21:20:12 +0200] "GET /static/css/oneSubject.css HTTP/1.1" 200 882 5
0:0:0:0:0:0:0:1 - - [27/Mar/2017:21:20:12 +0200] "GET /static/css/flags.css HTTP/1.1" 200 12233 5
0:0:0:0:0:0:0:1 - - [27/Mar/2017:21:20:12 +0200] "GET /static/bower_components/jquery/dist/jquery.js HTTP/1.1" 200 267194 14
0:0:0:0:0:0:0:1 - - [27/Mar/2017:21:20:12 +0200] "GET /static/bower_components/bootstrap-sass-official/assets/javascripts/bootstrap.js HTTP/1.1" 200 69707 26
0:0:0:0:0:0:0:1 - - [27/Mar/2017:21:20:12 +0200] "GET /static/bower_components/lodash/lodash.js HTTP/1.1" 200 366499 20
0:0:0:0:0:0:0:1 - - [27/Mar/2017:21:20:12 +0200] "GET /static/bower_components/angular-resource/angular-resource.js HTTP/1.1" 200 34700 7
0:0:0:0:0:0:0:1 - - [27/Mar/2017:21:20:12 +0200] "GET /static/bower_components/angular-route/angular-route.js HTTP/1.1" 200 44971 14
0:0:0:0:0:0:0:1 - - [27/Mar/2017:21:20:12 +0200] "GET /static/bower_components/angular-lodash-module/angular-lodash-module.js HTTP/1.1" 200 286 11
0:0:0:0:0:0:0:1 - - [27/Mar/2017:21:20:12 +0200] "GET /static/bower_components/angular-drag-and-drop-lists/angular-drag-and-drop-lists.js HTTP/1.1" 200 29810 10
0:0:0:0:0:0:0:1 - - [27/Mar/2017:21:20:12 +0200] "GET /static/bower_components/angular-translate/angular-translate.js HTTP/1.1" 200 128374 17
0:0:0:0:0:0:0:1 - - [27/Mar/2017:21:20:12 +0200] "GET /static/bower_components/angular-bootstrap/ui-bootstrap-tpls.js HTTP/1.1" 200 247651 14
0:0:0:0:0:0:0:1 - - [27/Mar/2017:21:20:12 +0200] "GET /static/bower_components/restangular/dist/restangular.js HTTP/1.1" 200 47677 18
0:0:0:0:0:0:0:1 - - [27/Mar/2017:21:20:12 +0200] "GET /static/bower_components/angular-translate-loader-static-files/angular-translate-loader-static-files.js HTTP/1.1" 200 3063 10
0:0:0:0:0:0:0:1 - - [27/Mar/2017:21:20:12 +0200] "GET /static/bower_components/ng-file-upload/ng-file-upload.min.js HTTP/1.1" 200 37495 15
0:0:0:0:0:0:0:1 - - [27/Mar/2017:21:20:12 +0200] "GET /static/bower_components/angular-jwt/dist/angular-jwt.js HTTP/1.1" 200 3625 29
0:0:0:0:0:0:0:1 - - [27/Mar/2017:21:20:12 +0200] "GET /static/scripts/app.js HTTP/1.1" 200 3617 6
0:0:0:0:0:0:0:1 - - [27/Mar/2017:21:20:12 +0200] "GET /static/scripts/controllers/ApplicationController.js HTTP/1.1" 200 1856 7
0:0:0:0:0:0:0:1 - - [27/Mar/2017:21:20:13 +0200] "GET /static/scripts/controllers/HomeController.js HTTP/1.1" 200 96 5
0:0:0:0:0:0:0:1 - - [27/Mar/2017:21:20:13 +0200] "GET /static/scripts/controllers/StudentsController.js HTTP/1.1" 200 6913 7
0:0:0:0:0:0:0:1 - - [27/Mar/2017:21:20:13 +0200] "GET /static/scripts/controllers/SubjectsController.js HTTP/1.1" 200 3578 6
0:0:0:0:0:0:0:1 - - [27/Mar/2017:21:20:13 +0200] "GET /static/scripts/controllers/StudentController.js HTTP/1.1" 200 12726 7
0:0:0:0:0:0:0:1 - - [27/Mar/2017:21:20:13 +0200] "GET /static/scripts/controllers/ProfessorsController.js HTTP/1.1" 200 3449 5
0:0:0:0:0:0:0:1 - - [27/Mar/2017:21:20:13 +0200] "GET /static/scripts/controllers/SubjectController.js HTTP/1.1" 200 25145 9
0:0:0:0:0:0:0:1 - - [27/Mar/2017:21:20:13 +0200] "GET /static/scripts/controllers/ProfessorController.js HTTP/1.1" 200 2980 17
0:0:0:0:0:0:0:1 - - [27/Mar/2017:21:20:13 +0200] "GET /static/scripts/controllers/AboutController.js HTTP/1.1" 200 97 13
0:0:0:0:0:0:0:1 - - [27/Mar/2017:21:20:13 +0200] "GET /static/scripts/controllers/modals/LoginModalController.js HTTP/1.1" 200 886 5
0:0:0:0:0:0:0:1 - - [27/Mar/2017:21:20:13 +0200] "GET /static/scripts/controllers/modals/LanguagesModalController.js HTTP/1.1" 200 584 6
0:0:0:0:0:0:0:1 - - [27/Mar/2017:21:20:13 +0200] "GET /static/scripts/controllers/modals/UserModalController.js HTTP/1.1" 200 2030 7
0:0:0:0:0:0:0:1 - - [27/Mar/2017:21:20:13 +0200] "GET /static/scripts/controllers/modals/PasswordModalController.js HTTP/1.1" 200 425 11
0:0:0:0:0:0:0:1 - - [27/Mar/2017:21:20:13 +0200] "GET /static/scripts/services/AuthService.js HTTP/1.1" 200 1562 15
0:0:0:0:0:0:0:1 - - [27/Mar/2017:21:20:13 +0200] "GET /static/bower_components/angular/angular.js HTTP/1.1" 200 1237968 322
0:0:0:0:0:0:0:1 - - [27/Mar/2017:21:20:13 +0200] "GET /static/translations/rs.json HTTP/1.1" 200 3556 8
0:0:0:0:0:0:0:1 - - [27/Mar/2017:21:20:13 +0200] "GET /static/views/partials/main_menu.html HTTP/1.1" 200 3379 9
0:0:0:0:0:0:0:1 - - [27/Mar/2017:21:20:13 +0200] "GET /static/views/partials/footer.html HTTP/1.1" 200 352 7
0:0:0:0:0:0:0:1 - - [27/Mar/2017:21:20:13 +0200] "GET /static/views/student.html HTTP/1.1" 200 9212 5
0:0:0:0:0:0:0:1 - - [27/Mar/2017:21:20:14 +0200] "GET /api/studentsubject/student/2 HTTP/1.1" 200 454 26
0:0:0:0:0:0:0:1 - - [27/Mar/2017:21:20:14 +0200] "GET /api/students/2 HTTP/1.1" 200 294 41
0:0:0:0:0:0:0:1 - - [27/Mar/2017:21:20:14 +0200] "GET /api/students/2/files HTTP/1.1" 200 109 19
0:0:0:0:0:0:0:1 - - [27/Mar/2017:21:20:14 +0200] "GET /api/students/2/subjects HTTP/1.1" 200 105 17
0:0:0:0:0:0:0:1 - - [27/Mar/2017:21:20:14 +0200] "GET /api/students/2/payments HTTP/1.1" 200 397 15
0:0:0:0:0:0:0:1 - - [27/Mar/2017:21:20:14 +0200] "GET /static/images/profile.png HTTP/1.1" 200 11837 7
0:0:0:0:0:0:0:1 - - [27/Mar/2017:21:20:14 +0200] "GET /%7B%7Buser.picturePath%7D%7D HTTP/1.1" 404 152 7
0:0:0:0:0:0:0:1 - - [27/Mar/2017:21:20:14 +0200] "GET /static/fonts/fontawesome-webfont.woff2?v=4.6.3 HTTP/1.1" 200 71896 9
0:0:0:0:0:0:0:1 - - [27/Mar/2017:21:20:14 +0200] "GET /static/fonts/glyphicons-halflings-regular.woff2 HTTP/1.1" 200 18028 7
0:0:0:0:0:0:0:1 - - [27/Mar/2017:21:20:14 +0200] "GET /static/images/flags.png HTTP/1.1" 200 112317 9
0:0:0:0:0:0:0:1 - - [27/Mar/2017:21:20:14 +0200] "GET /api/students/2/exams HTTP/1.1" 200 12 197
0:0:0:0:0:0:0:1 - - [27/Mar/2017:21:20:14 +0200] "GET /resources/profileImages/1488030207547_200_s.gif HTTP/1.1" 200 42225 6
0:0:0:0:0:0:0:1 - - [27/Mar/2017:21:20:14 +0200] "GET /static/images/elearning.png HTTP/1.1" 200 3958 5
0:0:0:0:0:0:0:1 - - [27/Mar/2017:21:21:13 +0200] "GET /static/views/students.html HTTP/1.1" 200 2907 9
0:0:0:0:0:0:0:1 - - [27/Mar/2017:21:21:13 +0200] "GET /api/students?page=0&size=20 HTTP/1.1" 200 580 12
0:0:0:0:0:0:0:1 - - [27/Mar/2017:21:21:13 +0200] "GET /api/students/count HTTP/1.1" 200 11 10
0:0:0:0:0:0:0:1 - - [27/Mar/2017:21:21:13 +0200] "GET /api/students/search?size=20 HTTP/1.1" 200 12 9
0:0:0:0:0:0:0:1 - - [27/Mar/2017:21:21:14 +0200] "GET /api/students?page=0&size=20 HTTP/1.1" 200 580 10
0:0:0:0:0:0:0:1 - - [27/Mar/2017:21:21:15 +0200] "GET /static/views/professors.html HTTP/1.1" 200 2083 5
0:0:0:0:0:0:0:1 - - [27/Mar/2017:21:21:15 +0200] "GET /api/professors HTTP/1.1" 200 353 11
0:0:0:0:0:0:0:1 - - [27/Mar/2017:21:21:15 +0200] "GET /api/students?page=0&size=20 HTTP/1.1" 200 580 21
0:0:0:0:0:0:0:1 - - [27/Mar/2017:21:21:15 +0200] "GET /api/students/search?size=20 HTTP/1.1" 200 12 6
0:0:0:0:0:0:0:1 - - [27/Mar/2017:21:21:15 +0200] "GET /api/students/count HTTP/1.1" 200 11 15
0:0:0:0:0:0:0:1 - - [27/Mar/2017:21:21:15 +0200] "GET /api/students?page=0&size=20 HTTP/1.1" 200 580 9
0:0:0:0:0:0:0:1 - - [27/Mar/2017:21:21:24 +0200] "GET /api/students/2 HTTP/1.1" 200 294 10
0:0:0:0:0:0:0:1 - - [27/Mar/2017:21:21:24 +0200] "GET /api/students/2/files HTTP/1.1" 200 109 14
0:0:0:0:0:0:0:1 - - [27/Mar/2017:21:21:24 +0200] "GET /api/studentsubject/student/2 HTTP/1.1" 200 454 37
0:0:0:0:0:0:0:1 - - [27/Mar/2017:21:21:24 +0200] "GET /api/students/2/subjects HTTP/1.1" 200 105 15
0:0:0:0:0:0:0:1 - - [27/Mar/2017:21:21:24 +0200] "GET /api/students/2/payments HTTP/1.1" 200 397 12
0:0:0:0:0:0:0:1 - - [27/Mar/2017:21:21:24 +0200] "GET /api/students/2/exams HTTP/1.1" 200 12 14
0:0:0:0:0:0:0:1 - - [27/Mar/2017:21:21:24 +0200] "GET /%7B%7Buser.picturePath%7D%7D HTTP/1.1" 404 152 10
0:0:0:0:0:0:0:1 - - [27/Mar/2017:21:21:35 +0200] "GET /static/views/subjects.html HTTP/1.1" 200 1548 9
0:0:0:0:0:0:0:1 - - [27/Mar/2017:21:21:35 +0200] "GET /api/subjects HTTP/1.1" 200 193 20
0:0:0:0:0:0:0:1 - - [27/Mar/2017:21:21:36 +0200] "GET /static/views/subject.html HTTP/1.1" 200 8560 5
0:0:0:0:0:0:0:1 - - [27/Mar/2017:21:21:36 +0200] "GET /api/subjects/3 HTTP/1.1" 200 103 18
0:0:0:0:0:0:0:1 - - [27/Mar/2017:21:21:36 +0200] "GET /api/subjectdependency/subject/3 HTTP/1.1" 200 231 66
0:0:0:0:0:0:0:1 - - [27/Mar/2017:21:21:36 +0200] "GET /api/subjects/3/students HTTP/1.1" 200 296 15
0:0:0:0:0:0:0:1 - - [27/Mar/2017:21:21:36 +0200] "GET /api/students HTTP/1.1" 200 580 23
0:0:0:0:0:0:0:1 - - [27/Mar/2017:21:21:36 +0200] "GET /api/subjects/3/available HTTP/1.1" 200 12 95
0:0:0:0:0:0:0:1 - - [27/Mar/2017:21:21:36 +0200] "GET /api/professorRoles/subjects/3 HTTP/1.1" 200 12 47
0:0:0:0:0:0:0:1 - - [27/Mar/2017:21:21:36 +0200] "GET /api/subjects/3/duties HTTP/1.1" 200 366 83
0:0:0:0:0:0:0:1 - - [27/Mar/2017:21:21:36 +0200] "GET /api/professors HTTP/1.1" 200 353 110
0:0:0:0:0:0:0:1 - - [27/Mar/2017:21:21:40 +0200] "GET /api/exams/duty/1 HTTP/1.1" 200 12 78
0:0:0:0:0:0:0:1 - - [27/Mar/2017:21:21:40 +0200] "GET /static/views/modals/examStudents.html HTTP/1.1" 200 1717 8
0:0:0:0:0:0:0:1 - - [27/Mar/2017:21:21:42 +0200] "GET /api/exams/duty/1 HTTP/1.1" 200 12 27
0:0:0:0:0:0:0:1 - - [27/Mar/2017:21:21:42 +0200] "GET /static/views/modals/exam.html HTTP/1.1" 200 1709 10
0:0:0:0:0:0:0:1 - - [27/Mar/2017:21:21:46 +0200] "POST /api/exams HTTP/1.1" 500 181 227
0:0:0:0:0:0:0:1 - - [27/Mar/2017:21:21:48 +0200] "GET /api/students?page=0&size=20 HTTP/1.1" 200 580 16
0:0:0:0:0:0:0:1 - - [27/Mar/2017:21:21:48 +0200] "GET /api/students/count HTTP/1.1" 200 11 11
0:0:0:0:0:0:0:1 - - [27/Mar/2017:21:21:48 +0200] "GET /api/students/search?size=20 HTTP/1.1" 200 12 10
0:0:0:0:0:0:0:1 - - [27/Mar/2017:21:21:48 +0200] "GET /api/students?page=0&size=20 HTTP/1.1" 200 580 10
0:0:0:0:0:0:0:1 - - [27/Mar/2017:21:21:49 +0200] "GET /api/studentsubject/student/2 HTTP/1.1" 200 454 17
0:0:0:0:0:0:0:1 - - [27/Mar/2017:21:21:49 +0200] "GET /api/students/2 HTTP/1.1" 200 294 29
0:0:0:0:0:0:0:1 - - [27/Mar/2017:21:21:49 +0200] "GET /api/students/2/files HTTP/1.1" 200 109 18
0:0:0:0:0:0:0:1 - - [27/Mar/2017:21:21:49 +0200] "GET /api/students/2/payments HTTP/1.1" 200 397 14
0:0:0:0:0:0:0:1 - - [27/Mar/2017:21:21:49 +0200] "GET /api/students/2/exams HTTP/1.1" 200 529 13
0:0:0:0:0:0:0:1 - - [27/Mar/2017:21:21:49 +0200] "GET /api/students/2/subjects HTTP/1.1" 200 105 66
0:0:0:0:0:0:0:1 - - [27/Mar/2017:21:21:49 +0200] "GET /%7B%7Buser.picturePath%7D%7D HTTP/1.1" 404 152 6
0:0:0:0:0:0:0:1 - - [27/Mar/2017:21:22:30 +0200] "GET /static/views/modals/editStudent.html HTTP/1.1" 200 2169 6
0:0:0:0:0:0:0:1 - - [27/Mar/2017:21:22:31 +0200] "GET /api/students/2 HTTP/1.1" 200 294 14
0:0:0:0:0:0:0:1 - - [27/Mar/2017:21:22:32 +0200] "GET /api/subjects HTTP/1.1" 200 193 13
0:0:0:0:0:0:0:1 - - [27/Mar/2017:21:22:33 +0200] "GET /api/subjects/3 HTTP/1.1" 200 103 13
0:0:0:0:0:0:0:1 - - [27/Mar/2017:21:22:33 +0200] "GET /api/subjects/3/students HTTP/1.1" 200 296 10
0:0:0:0:0:0:0:1 - - [27/Mar/2017:21:22:33 +0200] "GET /api/subjects/3/available HTTP/1.1" 200 12 34
0:0:0:0:0:0:0:1 - - [27/Mar/2017:21:22:33 +0200] "GET /api/students HTTP/1.1" 200 580 19
0:0:0:0:0:0:0:1 - - [27/Mar/2017:21:22:33 +0200] "GET /api/subjectdependency/subject/3 HTTP/1.1" 200 231 49
0:0:0:0:0:0:0:1 - - [27/Mar/2017:21:22:33 +0200] "GET /api/subjects/3/duties HTTP/1.1" 200 366 13
0:0:0:0:0:0:0:1 - - [27/Mar/2017:21:22:33 +0200] "GET /api/professorRoles/subjects/3 HTTP/1.1" 200 12 11
0:0:0:0:0:0:0:1 - - [27/Mar/2017:21:22:33 +0200] "GET /api/professors HTTP/1.1" 200 353 30
0:0:0:0:0:0:0:1 - - [27/Mar/2017:21:22:35 +0200] "GET /api/exams/duty/1 HTTP/1.1" 200 529 12
0:0:0:0:0:0:0:1 - - [27/Mar/2017:21:22:37 +0200] "GET /api/exams/duty/1 HTTP/1.1" 200 529 11
0:0:0:0:0:0:0:1 - - [27/Mar/2017:21:22:38 +0200] "GET /api/exams/duty/1 HTTP/1.1" 200 529 11
0:0:0:0:0:0:0:1 - - [27/Mar/2017:21:22:39 +0200] "GET /api/exams/duty/1 HTTP/1.1" 200 529 12
0:0:0:0:0:0:0:1 - - [27/Mar/2017:21:22:43 +0200] "GET /api/students?page=0&size=20 HTTP/1.1" 200 580 12
0:0:0:0:0:0:0:1 - - [27/Mar/2017:21:22:43 +0200] "GET /api/students/count HTTP/1.1" 200 11 8
0:0:0:0:0:0:0:1 - - [27/Mar/2017:21:22:43 +0200] "GET /api/students/search?size=20 HTTP/1.1" 200 12 4
0:0:0:0:0:0:0:1 - - [27/Mar/2017:21:22:43 +0200] "GET /api/students?page=0&size=20 HTTP/1.1" 200 580 11
0:0:0:0:0:0:0:1 - - [27/Mar/2017:21:22:45 +0200] "GET /api/students/2 HTTP/1.1" 200 294 13
0:0:0:0:0:0:0:1 - - [27/Mar/2017:21:22:45 +0200] "GET /api/studentsubject/student/2 HTTP/1.1" 200 454 25
0:0:0:0:0:0:0:1 - - [27/Mar/2017:21:22:45 +0200] "GET /api/students/2/files HTTP/1.1" 200 109 19
0:0:0:0:0:0:0:1 - - [27/Mar/2017:21:22:45 +0200] "GET /api/students/2/payments HTTP/1.1" 200 397 13
0:0:0:0:0:0:0:1 - - [27/Mar/2017:21:22:45 +0200] "GET /api/students/2/subjects HTTP/1.1" 200 105 20
0:0:0:0:0:0:0:1 - - [27/Mar/2017:21:22:45 +0200] "GET /api/students/2/exams HTTP/1.1" 200 529 10
0:0:0:0:0:0:0:1 - - [27/Mar/2017:21:22:45 +0200] "GET /%7B%7Buser.picturePath%7D%7D HTTP/1.1" 404 152 6
0:0:0:0:0:0:0:1 - - [27/Mar/2017:21:22:46 +0200] "GET /api/students?page=0&size=20 HTTP/1.1" 200 580 12
0:0:0:0:0:0:0:1 - - [27/Mar/2017:21:22:46 +0200] "GET /api/students/count HTTP/1.1" 200 11 7
0:0:0:0:0:0:0:1 - - [27/Mar/2017:21:22:46 +0200] "GET /api/students/search?size=20 HTTP/1.1" 200 12 8
0:0:0:0:0:0:0:1 - - [27/Mar/2017:21:22:46 +0200] "GET /api/students?page=0&size=20 HTTP/1.1" 200 580 13
0:0:0:0:0:0:0:1 - - [27/Mar/2017:21:22:46 +0200] "GET /api/students/4 HTTP/1.1" 200 295 13
0:0:0:0:0:0:0:1 - - [27/Mar/2017:21:22:46 +0200] "GET /api/students/4/files HTTP/1.1" 200 12 7
0:0:0:0:0:0:0:1 - - [27/Mar/2017:21:22:46 +0200] "GET /api/students/4/subjects HTTP/1.1" 200 12 10
0:0:0:0:0:0:0:1 - - [27/Mar/2017:21:22:46 +0200] "GET /api/students/4/payments HTTP/1.1" 200 12 9
0:0:0:0:0:0:0:1 - - [27/Mar/2017:21:22:46 +0200] "GET /api/studentsubject/student/4 HTTP/1.1" 200 455 40
0:0:0:0:0:0:0:1 - - [27/Mar/2017:21:22:46 +0200] "GET /%7B%7Buser.picturePath%7D%7D HTTP/1.1" 404 152 8
0:0:0:0:0:0:0:1 - - [27/Mar/2017:21:22:46 +0200] "GET /api/students/4/exams HTTP/1.1" 200 12 17
0:0:0:0:0:0:0:1 - - [27/Mar/2017:21:22:46 +0200] "GET /resources/profileImages/1490641869208_Sasuke_Uchiha.png HTTP/1.1" 200 833317 31
0:0:0:0:0:0:0:1 - - [27/Mar/2017:21:22:47 +0200] "GET /api/students?page=0&size=20 HTTP/1.1" 200 580 14
0:0:0:0:0:0:0:1 - - [27/Mar/2017:21:22:47 +0200] "GET /api/students/count HTTP/1.1" 200 11 9
0:0:0:0:0:0:0:1 - - [27/Mar/2017:21:22:47 +0200] "GET /api/students/search?size=20 HTTP/1.1" 200 12 11
0:0:0:0:0:0:0:1 - - [27/Mar/2017:21:22:47 +0200] "GET /api/students?page=0&size=20 HTTP/1.1" 200 580 9
0:0:0:0:0:0:0:1 - - [27/Mar/2017:21:22:48 +0200] "GET /api/students/2 HTTP/1.1" 200 294 15
0:0:0:0:0:0:0:1 - - [27/Mar/2017:21:22:48 +0200] "GET /api/studentsubject/student/2 HTTP/1.1" 200 454 14
0:0:0:0:0:0:0:1 - - [27/Mar/2017:21:22:48 +0200] "GET /api/students/2/files HTTP/1.1" 200 109 17
0:0:0:0:0:0:0:1 - - [27/Mar/2017:21:22:48 +0200] "GET /api/students/2/payments HTTP/1.1" 200 397 14
0:0:0:0:0:0:0:1 - - [27/Mar/2017:21:22:48 +0200] "GET /api/students/2/subjects HTTP/1.1" 200 105 39
0:0:0:0:0:0:0:1 - - [27/Mar/2017:21:22:48 +0200] "GET /%7B%7Buser.picturePath%7D%7D HTTP/1.1" 404 152 9
0:0:0:0:0:0:0:1 - - [27/Mar/2017:21:22:48 +0200] "GET /api/students/2/exams HTTP/1.1" 200 529 41
0:0:0:0:0:0:0:1 - - [27/Mar/2017:21:22:49 +0200] "GET /api/students?page=0&size=20 HTTP/1.1" 200 580 13
0:0:0:0:0:0:0:1 - - [27/Mar/2017:21:22:49 +0200] "GET /api/students/count HTTP/1.1" 200 11 14
0:0:0:0:0:0:0:1 - - [27/Mar/2017:21:22:49 +0200] "GET /api/students/search?size=20 HTTP/1.1" 200 12 4
0:0:0:0:0:0:0:1 - - [27/Mar/2017:21:22:49 +0200] "GET /api/students?page=0&size=20 HTTP/1.1" 200 580 8
0:0:0:0:0:0:0:1 - - [27/Mar/2017:21:22:49 +0200] "GET /api/students/4/files HTTP/1.1" 200 12 6
0:0:0:0:0:0:0:1 - - [27/Mar/2017:21:22:49 +0200] "GET /api/students/4/subjects HTTP/1.1" 200 12 12
0:0:0:0:0:0:0:1 - - [27/Mar/2017:21:22:49 +0200] "GET /api/students/4 HTTP/1.1" 200 295 36
0:0:0:0:0:0:0:1 - - [27/Mar/2017:21:22:49 +0200] "GET /api/students/4/payments HTTP/1.1" 200 12 10
0:0:0:0:0:0:0:1 - - [27/Mar/2017:21:22:49 +0200] "GET /%7B%7Buser.picturePath%7D%7D HTTP/1.1" 404 152 6
0:0:0:0:0:0:0:1 - - [27/Mar/2017:21:22:49 +0200] "GET /api/students/4/exams HTTP/1.1" 200 12 25
0:0:0:0:0:0:0:1 - - [27/Mar/2017:21:22:49 +0200] "GET /api/studentsubject/student/4 HTTP/1.1" 200 455 59
0:0:0:0:0:0:0:1 - - [27/Mar/2017:21:22:50 +0200] "GET /api/students?page=0&size=20 HTTP/1.1" 200 580 14
0:0:0:0:0:0:0:1 - - [27/Mar/2017:21:22:50 +0200] "GET /api/students/count HTTP/1.1" 200 11 14
0:0:0:0:0:0:0:1 - - [27/Mar/2017:21:22:50 +0200] "GET /api/students/search?size=20 HTTP/1.1" 200 12 9
0:0:0:0:0:0:0:1 - - [27/Mar/2017:21:22:50 +0200] "GET /api/students?page=0&size=20 HTTP/1.1" 200 580 8
0:0:0:0:0:0:0:1 - - [27/Mar/2017:21:22:51 +0200] "GET /api/students/2 HTTP/1.1" 200 294 10
0:0:0:0:0:0:0:1 - - [27/Mar/2017:21:22:51 +0200] "GET /api/studentsubject/student/2 HTTP/1.1" 200 454 18
0:0:0:0:0:0:0:1 - - [27/Mar/2017:21:22:51 +0200] "GET /api/students/2/files HTTP/1.1" 200 109 7
0:0:0:0:0:0:0:1 - - [27/Mar/2017:21:22:51 +0200] "GET /api/students/2/subjects HTTP/1.1" 200 105 9
0:0:0:0:0:0:0:1 - - [27/Mar/2017:21:22:51 +0200] "GET /api/students/2/exams HTTP/1.1" 200 529 10
0:0:0:0:0:0:0:1 - - [27/Mar/2017:21:22:51 +0200] "GET /api/students/2/payments HTTP/1.1" 200 397 15
0:0:0:0:0:0:0:1 - - [27/Mar/2017:21:22:51 +0200] "GET /%7B%7Buser.picturePath%7D%7D HTTP/1.1" 404 152 6
0:0:0:0:0:0:0:1 - - [27/Mar/2017:21:22:52 +0200] "GET /api/students?page=0&size=20 HTTP/1.1" 200 580 12
0:0:0:0:0:0:0:1 - - [27/Mar/2017:21:22:52 +0200] "GET /api/students/search?size=20 HTTP/1.1" 200 12 9
0:0:0:0:0:0:0:1 - - [27/Mar/2017:21:22:52 +0200] "GET /api/students/count HTTP/1.1" 200 11 21
0:0:0:0:0:0:0:1 - - [27/Mar/2017:21:22:52 +0200] "GET /api/students?page=0&size=20 HTTP/1.1" 200 580 10
0:0:0:0:0:0:0:1 - - [27/Mar/2017:21:22:53 +0200] "GET /api/students/4 HTTP/1.1" 200 295 13
0:0:0:0:0:0:0:1 - - [27/Mar/2017:21:22:53 +0200] "GET /api/students/4/files HTTP/1.1" 200 12 5
0:0:0:0:0:0:0:1 - - [27/Mar/2017:21:22:53 +0200] "GET /api/studentsubject/student/4 HTTP/1.1" 200 455 34
0:0:0:0:0:0:0:1 - - [27/Mar/2017:21:22:53 +0200] "GET /api/students/4/subjects HTTP/1.1" 200 12 13
0:0:0:0:0:0:0:1 - - [27/Mar/2017:21:22:53 +0200] "GET /api/students/4/payments HTTP/1.1" 200 12 17
0:0:0:0:0:0:0:1 - - [27/Mar/2017:21:22:53 +0200] "GET /%7B%7Buser.picturePath%7D%7D HTTP/1.1" 404 152 8
0:0:0:0:0:0:0:1 - - [27/Mar/2017:21:22:53 +0200] "GET /api/students/4/exams HTTP/1.1" 200 12 43
0:0:0:0:0:0:0:1 - - [27/Mar/2017:21:22:54 +0200] "GET /api/students?page=0&size=20 HTTP/1.1" 200 580 10
0:0:0:0:0:0:0:1 - - [27/Mar/2017:21:22:54 +0200] "GET /api/students/count HTTP/1.1" 200 11 8
0:0:0:0:0:0:0:1 - - [27/Mar/2017:21:22:54 +0200] "GET /api/students/search?size=20 HTTP/1.1" 200 12 7
0:0:0:0:0:0:0:1 - - [27/Mar/2017:21:22:54 +0200] "GET /api/students?page=0&size=20 HTTP/1.1" 200 580 11
0:0:0:0:0:0:0:1 - - [27/Mar/2017:21:23:32 +0200] "GET /api/students/2 HTTP/1.1" 200 294 13
0:0:0:0:0:0:0:1 - - [27/Mar/2017:21:23:32 +0200] "GET /api/studentsubject/student/2 HTTP/1.1" 200 454 14
0:0:0:0:0:0:0:1 - - [27/Mar/2017:21:23:33 +0200] "GET /api/students/2/files HTTP/1.1" 200 109 16
0:0:0:0:0:0:0:1 - - [27/Mar/2017:21:23:33 +0200] "GET /api/students/2/subjects HTTP/1.1" 200 105 11
0:0:0:0:0:0:0:1 - - [27/Mar/2017:21:23:33 +0200] "GET /api/students/2/payments HTTP/1.1" 200 397 17
0:0:0:0:0:0:0:1 - - [27/Mar/2017:21:23:33 +0200] "GET /api/students/2/exams HTTP/1.1" 200 529 12
0:0:0:0:0:0:0:1 - - [27/Mar/2017:21:23:33 +0200] "GET /%7B%7Buser.picturePath%7D%7D HTTP/1.1" 404 152 8
0:0:0:0:0:0:0:1 - - [27/Mar/2017:21:24:18 +0200] "GET /api/students?page=0&size=20 HTTP/1.1" 200 580 12
0:0:0:0:0:0:0:1 - - [27/Mar/2017:21:24:18 +0200] "GET /api/students/count HTTP/1.1" 200 11 13
0:0:0:0:0:0:0:1 - - [27/Mar/2017:21:24:18 +0200] "GET /api/students/search?size=20 HTTP/1.1" 200 12 7
0:0:0:0:0:0:0:1 - - [27/Mar/2017:21:24:18 +0200] "GET /api/students?page=0&size=20 HTTP/1.1" 200 580 12
0:0:0:0:0:0:0:1 - - [27/Mar/2017:21:24:19 +0200] "GET /api/professors HTTP/1.1" 200 353 9
0:0:0:0:0:0:0:1 - - [27/Mar/2017:21:24:19 +0200] "GET /api/students?page=0&size=20 HTTP/1.1" 200 580 15
0:0:0:0:0:0:0:1 - - [27/Mar/2017:21:24:19 +0200] "GET /api/students/count HTTP/1.1" 200 11 29
0:0:0:0:0:0:0:1 - - [27/Mar/2017:21:24:20 +0200] "GET /api/students/search?size=20 HTTP/1.1" 200 12 10
0:0:0:0:0:0:0:1 - - [27/Mar/2017:21:24:20 +0200] "GET /api/students?page=0&size=20 HTTP/1.1" 200 580 20
0:0:0:0:0:0:0:1 - - [27/Mar/2017:21:24:20 +0200] "GET /api/professors HTTP/1.1" 200 353 11
0:0:0:0:0:0:0:1 - - [27/Mar/2017:21:24:20 +0200] "GET /api/students/count HTTP/1.1" 200 11 10
0:0:0:0:0:0:0:1 - - [27/Mar/2017:21:24:20 +0200] "GET /api/students?page=0&size=20 HTTP/1.1" 200 580 17
0:0:0:0:0:0:0:1 - - [27/Mar/2017:21:24:20 +0200] "GET /api/students/search?size=20 HTTP/1.1" 200 12 4
0:0:0:0:0:0:0:1 - - [27/Mar/2017:21:24:20 +0200] "GET /api/students?page=0&size=20 HTTP/1.1" 200 580 11
0:0:0:0:0:0:0:1 - - [27/Mar/2017:21:24:20 +0200] "GET /api/professors HTTP/1.1" 200 353 9
0:0:0:0:0:0:0:1 - - [27/Mar/2017:21:24:21 +0200] "GET /api/students/count HTTP/1.1" 200 11 21
0:0:0:0:0:0:0:1 - - [27/Mar/2017:21:24:21 +0200] "GET /api/students?page=0&size=20 HTTP/1.1" 200 580 27
0:0:0:0:0:0:0:1 - - [27/Mar/2017:21:24:21 +0200] "GET /api/students/search?size=20 HTTP/1.1" 200 12 4
0:0:0:0:0:0:0:1 - - [27/Mar/2017:21:24:21 +0200] "GET /api/students?page=0&size=20 HTTP/1.1" 200 580 13
0:0:0:0:0:0:0:1 - - [27/Mar/2017:21:24:21 +0200] "GET /api/professors HTTP/1.1" 200 353 24
0:0:0:0:0:0:0:1 - - [27/Mar/2017:21:24:21 +0200] "GET /api/students/count HTTP/1.1" 200 11 7
0:0:0:0:0:0:0:1 - - [27/Mar/2017:21:24:21 +0200] "GET /api/students/search?size=20 HTTP/1.1" 200 12 4
0:0:0:0:0:0:0:1 - - [27/Mar/2017:21:24:21 +0200] "GET /api/students?page=0&size=20 HTTP/1.1" 200 580 22
0:0:0:0:0:0:0:1 - - [27/Mar/2017:21:24:21 +0200] "GET /api/students?page=0&size=20 HTTP/1.1" 200 580 37
0:0:0:0:0:0:0:1 - - [27/Mar/2017:21:24:22 +0200] "GET /api/professors HTTP/1.1" 200 353 13
0:0:0:0:0:0:0:1 - - [27/Mar/2017:21:24:22 +0200] "GET /api/students?page=0&size=20 HTTP/1.1" 200 580 11
0:0:0:0:0:0:0:1 - - [27/Mar/2017:21:24:22 +0200] "GET /api/students/count HTTP/1.1" 200 11 14
0:0:0:0:0:0:0:1 - - [27/Mar/2017:21:24:22 +0200] "GET /api/students/search?size=20 HTTP/1.1" 200 12 4
0:0:0:0:0:0:0:1 - - [27/Mar/2017:21:24:22 +0200] "GET /api/students?page=0&size=20 HTTP/1.1" 200 580 13
0:0:0:0:0:0:0:1 - - [27/Mar/2017:21:24:22 +0200] "GET /api/professors HTTP/1.1" 200 353 9
0:0:0:0:0:0:0:1 - - [27/Mar/2017:21:24:23 +0200] "GET /api/students?page=0&size=20 HTTP/1.1" 200 580 13
0:0:0:0:0:0:0:1 - - [27/Mar/2017:21:24:23 +0200] "GET /api/students/count HTTP/1.1" 200 11 8
0:0:0:0:0:0:0:1 - - [27/Mar/2017:21:24:23 +0200] "GET /api/students/search?size=20 HTTP/1.1" 200 12 5
0:0:0:0:0:0:0:1 - - [27/Mar/2017:21:24:23 +0200] "GET /api/students?page=0&size=20 HTTP/1.1" 200 580 15
0:0:0:0:0:0:0:1 - - [27/Mar/2017:21:24:23 +0200] "GET /api/professors HTTP/1.1" 200 353 12
0:0:0:0:0:0:0:1 - - [27/Mar/2017:21:24:23 +0200] "GET /api/subjects HTTP/1.1" 200 193 13
0:0:0:0:0:0:0:1 - - [27/Mar/2017:21:24:24 +0200] "GET /static/views/modals/user.html HTTP/1.1" 200 5688 6
0:0:0:0:0:0:0:1 - - [27/Mar/2017:21:24:25 +0200] "GET /api/students/count HTTP/1.1" 200 11 11
0:0:0:0:0:0:0:1 - - [27/Mar/2017:21:24:25 +0200] "GET /api/students?page=0&size=20 HTTP/1.1" 200 580 27
0:0:0:0:0:0:0:1 - - [27/Mar/2017:21:24:25 +0200] "GET /api/students/search?size=20 HTTP/1.1" 200 12 8
0:0:0:0:0:0:0:1 - - [27/Mar/2017:21:24:25 +0200] "GET /api/students?page=0&size=20 HTTP/1.1" 200 580 13
0:0:0:0:0:0:0:1 - - [27/Mar/2017:21:24:26 +0200] "GET /api/professors HTTP/1.1" 200 353 9
0:0:0:0:0:0:0:1 - - [27/Mar/2017:21:24:26 +0200] "GET /api/students?page=0&size=20 HTTP/1.1" 200 580 13
0:0:0:0:0:0:0:1 - - [27/Mar/2017:21:24:26 +0200] "GET /api/students/count HTTP/1.1" 200 11 9
0:0:0:0:0:0:0:1 - - [27/Mar/2017:21:24:26 +0200] "GET /api/students/search?size=20 HTTP/1.1" 200 12 5
0:0:0:0:0:0:0:1 - - [27/Mar/2017:21:24:26 +0200] "GET /api/students?page=0&size=20 HTTP/1.1" 200 580 9
0:0:0:0:0:0:0:1 - - [27/Mar/2017:21:24:27 +0200] "GET /api/professors HTTP/1.1" 200 353 11
0:0:0:0:0:0:0:1 - - [27/Mar/2017:21:24:27 +0200] "GET /api/students?page=0&size=20 HTTP/1.1" 200 580 9
0:0:0:0:0:0:0:1 - - [27/Mar/2017:21:24:27 +0200] "GET /api/students/count HTTP/1.1" 200 11 13
0:0:0:0:0:0:0:1 - - [27/Mar/2017:21:24:27 +0200] "GET /api/students/search?size=20 HTTP/1.1" 200 12 7
0:0:0:0:0:0:0:1 - - [27/Mar/2017:21:24:27 +0200] "GET /api/students?page=0&size=20 HTTP/1.1" 200 580 9
0:0:0:0:0:0:0:1 - - [27/Mar/2017:21:24:27 +0200] "GET /api/professors HTTP/1.1" 200 353 12
0:0:0:0:0:0:0:1 - - [27/Mar/2017:21:24:28 +0200] "GET /api/students?page=0&size=20 HTTP/1.1" 200 580 14
0:0:0:0:0:0:0:1 - - [27/Mar/2017:21:24:28 +0200] "GET /api/students/count HTTP/1.1" 200 11 6
0:0:0:0:0:0:0:1 - - [27/Mar/2017:21:24:28 +0200] "GET /api/students/search?size=20 HTTP/1.1" 200 12 5
0:0:0:0:0:0:0:1 - - [27/Mar/2017:21:24:28 +0200] "GET /api/students?page=0&size=20 HTTP/1.1" 200 580 9
