0:0:0:0:0:0:0:1 - - [14/Apr/2017:21:12:41 +0200] "GET / HTTP/1.1" 200 3670 360
0:0:0:0:0:0:0:1 - - [14/Apr/2017:21:12:41 +0200] "GET /static/styles/app.css HTTP/1.1" 200 2211 131
0:0:0:0:0:0:0:1 - - [14/Apr/2017:21:12:41 +0200] "GET /static/css/flags.css HTTP/1.1" 200 12233 143
0:0:0:0:0:0:0:1 - - [14/Apr/2017:21:12:41 +0200] "GET /static/css/bootstrap.min.css HTTP/1.1" 200 130871 147
0:0:0:0:0:0:0:1 - - [14/Apr/2017:21:12:41 +0200] "GET /static/css/oneSubject.css HTTP/1.1" 200 882 188
0:0:0:0:0:0:0:1 - - [14/Apr/2017:21:12:41 +0200] "GET /static/styles/font-awesome.css HTTP/1.1" 200 72243 198
0:0:0:0:0:0:0:1 - - [14/Apr/2017:21:12:42 +0200] "GET /static/bower_components/jquery/dist/jquery.js HTTP/1.1" 200 267194 640
0:0:0:0:0:0:0:1 - - [14/Apr/2017:21:12:42 +0200] "GET /static/bower_components/angular-route/angular-route.js HTTP/1.1" 200 44971 435
0:0:0:0:0:0:0:1 - - [14/Apr/2017:21:12:42 +0200] "GET /static/bower_components/angular-resource/angular-resource.js HTTP/1.1" 200 34700 282
0:0:0:0:0:0:0:1 - - [14/Apr/2017:21:12:42 +0200] "GET /static/bower_components/bootstrap-sass-official/assets/javascripts/bootstrap.js HTTP/1.1" 200 69707 408
0:0:0:0:0:0:0:1 - - [14/Apr/2017:21:12:42 +0200] "GET /static/bower_components/lodash/lodash.js HTTP/1.1" 200 366499 692
0:0:0:0:0:0:0:1 - - [14/Apr/2017:21:12:42 +0200] "GET /static/bower_components/angular/angular.js HTTP/1.1" 200 1237968 749
0:0:0:0:0:0:0:1 - - [14/Apr/2017:21:12:42 +0200] "GET /static/bower_components/restangular/dist/restangular.js HTTP/1.1" 200 47677 400
0:0:0:0:0:0:0:1 - - [14/Apr/2017:21:12:42 +0200] "GET /static/bower_components/angular-lodash-module/angular-lodash-module.js HTTP/1.1" 200 286 403
0:0:0:0:0:0:0:1 - - [14/Apr/2017:21:12:42 +0200] "GET /static/bower_components/angular-drag-and-drop-lists/angular-drag-and-drop-lists.js HTTP/1.1" 200 29810 308
0:0:0:0:0:0:0:1 - - [14/Apr/2017:21:12:42 +0200] "GET /static/bower_components/angular-bootstrap/ui-bootstrap-tpls.js HTTP/1.1" 200 247651 513
0:0:0:0:0:0:0:1 - - [14/Apr/2017:21:12:42 +0200] "GET /static/bower_components/angular-translate-loader-static-files/angular-translate-loader-static-files.js HTTP/1.1" 200 3063 148
0:0:0:0:0:0:0:1 - - [14/Apr/2017:21:12:42 +0200] "GET /static/bower_components/angular-translate/angular-translate.js HTTP/1.1" 200 128374 310
0:0:0:0:0:0:0:1 - - [14/Apr/2017:21:12:43 +0200] "GET /static/bower_components/angular-jwt/dist/angular-jwt.js HTTP/1.1" 200 3625 255
0:0:0:0:0:0:0:1 - - [14/Apr/2017:21:12:43 +0200] "GET /static/scripts/app.js HTTP/1.1" 200 3617 281
0:0:0:0:0:0:0:1 - - [14/Apr/2017:21:12:43 +0200] "GET /static/bower_components/ng-file-upload/ng-file-upload.min.js HTTP/1.1" 200 37495 416
0:0:0:0:0:0:0:1 - - [14/Apr/2017:21:12:43 +0200] "GET /static/scripts/controllers/HomeController.js HTTP/1.1" 200 96 278
0:0:0:0:0:0:0:1 - - [14/Apr/2017:21:12:43 +0200] "GET /static/scripts/controllers/ApplicationController.js HTTP/1.1" 200 1856 329
0:0:0:0:0:0:0:1 - - [14/Apr/2017:21:12:43 +0200] "GET /static/scripts/controllers/StudentsController.js HTTP/1.1" 200 6913 287
0:0:0:0:0:0:0:1 - - [14/Apr/2017:21:12:43 +0200] "GET /static/scripts/controllers/SubjectsController.js HTTP/1.1" 200 3578 282
0:0:0:0:0:0:0:1 - - [14/Apr/2017:21:12:43 +0200] "GET /static/scripts/controllers/StudentController.js HTTP/1.1" 200 12726 213
0:0:0:0:0:0:0:1 - - [14/Apr/2017:21:12:43 +0200] "GET /static/scripts/controllers/ProfessorsController.js HTTP/1.1" 200 3449 182
0:0:0:0:0:0:0:1 - - [14/Apr/2017:21:12:43 +0200] "GET /static/scripts/controllers/SubjectController.js HTTP/1.1" 200 25145 183
0:0:0:0:0:0:0:1 - - [14/Apr/2017:21:12:43 +0200] "GET /static/scripts/controllers/ProfessorController.js HTTP/1.1" 200 2980 180
0:0:0:0:0:0:0:1 - - [14/Apr/2017:21:12:43 +0200] "GET /static/scripts/controllers/modals/PasswordModalController.js HTTP/1.1" 200 425 17
0:0:0:0:0:0:0:1 - - [14/Apr/2017:21:12:43 +0200] "GET /static/scripts/controllers/AboutController.js HTTP/1.1" 200 97 188
0:0:0:0:0:0:0:1 - - [14/Apr/2017:21:12:43 +0200] "GET /static/scripts/controllers/modals/LoginModalController.js HTTP/1.1" 200 886 130
0:0:0:0:0:0:0:1 - - [14/Apr/2017:21:12:43 +0200] "GET /static/scripts/controllers/modals/LanguagesModalController.js HTTP/1.1" 200 584 93
0:0:0:0:0:0:0:1 - - [14/Apr/2017:21:12:43 +0200] "GET /static/scripts/services/AuthService.js HTTP/1.1" 200 1562 47
0:0:0:0:0:0:0:1 - - [14/Apr/2017:21:12:43 +0200] "GET /static/scripts/controllers/modals/UserModalController.js HTTP/1.1" 200 2030 84
0:0:0:0:0:0:0:1 - - [14/Apr/2017:21:12:43 +0200] "GET /static/views/partials/footer.html HTTP/1.1" 200 352 21
0:0:0:0:0:0:0:1 - - [14/Apr/2017:21:12:43 +0200] "GET /static/views/home.html HTTP/1.1" 200 561 16
0:0:0:0:0:0:0:1 - - [14/Apr/2017:21:12:43 +0200] "GET /static/views/partials/main_menu.html HTTP/1.1" 200 3379 55
0:0:0:0:0:0:0:1 - - [14/Apr/2017:21:12:43 +0200] "GET /static/translations/rs.json HTTP/1.1" 200 3556 75
0:0:0:0:0:0:0:1 - - [14/Apr/2017:21:12:43 +0200] "GET /static/images/elearning.png HTTP/1.1" 200 3958 82
0:0:0:0:0:0:0:1 - - [14/Apr/2017:21:12:43 +0200] "GET /static/fonts/fontawesome-webfont.woff2?v=4.6.3 HTTP/1.1" 200 71896 65
0:0:0:0:0:0:0:1 - - [14/Apr/2017:21:12:43 +0200] "GET /static/fonts/glyphicons-halflings-regular.woff2 HTTP/1.1" 200 18028 28
0:0:0:0:0:0:0:1 - - [14/Apr/2017:21:12:43 +0200] "GET /static/images/flags.png HTTP/1.1" 200 112317 64
0:0:0:0:0:0:0:1 - - [14/Apr/2017:21:12:50 +0200] "GET /static/views/modals/login.html HTTP/1.1" 200 1509 63
0:0:0:0:0:0:0:1 - - [14/Apr/2017:21:12:57 +0200] "POST /auth/login HTTP/1.1" 200 251 1400
0:0:0:0:0:0:0:1 - - [14/Apr/2017:21:13:00 +0200] "GET /static/views/students.html HTTP/1.1" 200 2907 51
0:0:0:0:0:0:0:1 - - [14/Apr/2017:21:13:00 +0200] "GET /api/students/search?size=20 HTTP/1.1" 200 12 165
0:0:0:0:0:0:0:1 - - [14/Apr/2017:21:13:00 +0200] "GET /api/students/count HTTP/1.1" 200 11 218
0:0:0:0:0:0:0:1 - - [14/Apr/2017:21:13:00 +0200] "GET /api/students?page=0&size=20 HTTP/1.1" 200 580 238
0:0:0:0:0:0:0:1 - - [14/Apr/2017:21:13:00 +0200] "GET /api/students?page=0&size=20 HTTP/1.1" 200 580 22
0:0:0:0:0:0:0:1 - - [14/Apr/2017:21:13:01 +0200] "GET /static/views/professors.html HTTP/1.1" 200 2083 77
0:0:0:0:0:0:0:1 - - [14/Apr/2017:21:13:01 +0200] "GET /api/professors HTTP/1.1" 200 353 18
0:0:0:0:0:0:0:1 - - [14/Apr/2017:21:13:03 +0200] "GET /static/views/subjects.html HTTP/1.1" 200 1548 67
0:0:0:0:0:0:0:1 - - [14/Apr/2017:21:13:03 +0200] "GET /api/subjects HTTP/1.1" 200 193 18
0:0:0:0:0:0:0:1 - - [14/Apr/2017:21:13:03 +0200] "GET /api/professors HTTP/1.1" 200 353 15
0:0:0:0:0:0:0:1 - - [14/Apr/2017:21:13:04 +0200] "GET /api/students?page=0&size=20 HTTP/1.1" 200 580 15
0:0:0:0:0:0:0:1 - - [14/Apr/2017:21:13:04 +0200] "GET /api/students/count HTTP/1.1" 200 11 14
0:0:0:0:0:0:0:1 - - [14/Apr/2017:21:13:04 +0200] "GET /api/students/search?size=20 HTTP/1.1" 200 12 13
0:0:0:0:0:0:0:1 - - [14/Apr/2017:21:13:04 +0200] "GET /api/students?page=0&size=20 HTTP/1.1" 200 580 13
0:0:0:0:0:0:0:1 - - [14/Apr/2017:21:13:04 +0200] "GET /api/professors HTTP/1.1" 200 353 12
0:0:0:0:0:0:0:1 - - [14/Apr/2017:21:13:05 +0200] "GET /static/views/modals/user.html HTTP/1.1" 200 5688 73
0:0:0:0:0:0:0:1 - - [14/Apr/2017:21:13:07 +0200] "GET /api/subjects HTTP/1.1" 200 193 18
0:0:0:0:0:0:0:1 - - [14/Apr/2017:21:13:07 +0200] "GET /api/professors HTTP/1.1" 200 353 21
0:0:0:0:0:0:0:1 - - [14/Apr/2017:21:13:08 +0200] "GET /api/students?page=0&size=20 HTTP/1.1" 200 580 22
0:0:0:0:0:0:0:1 - - [14/Apr/2017:21:13:08 +0200] "GET /api/students/count HTTP/1.1" 200 11 35
0:0:0:0:0:0:0:1 - - [14/Apr/2017:21:13:08 +0200] "GET /api/students/search?size=20 HTTP/1.1" 200 12 9
0:0:0:0:0:0:0:1 - - [14/Apr/2017:21:13:08 +0200] "GET /api/students?page=0&size=20 HTTP/1.1" 200 580 12
0:0:0:0:0:0:0:1 - - [14/Apr/2017:21:13:22 +0200] "GET /api/subjects HTTP/1.1" 200 193 14
0:0:0:0:0:0:0:1 - - [14/Apr/2017:21:13:23 +0200] "GET /static/views/subject.html HTTP/1.1" 200 8560 26
0:0:0:0:0:0:0:1 - - [14/Apr/2017:21:13:23 +0200] "GET /api/subjects/3 HTTP/1.1" 200 103 71
0:0:0:0:0:0:0:1 - - [14/Apr/2017:21:13:23 +0200] "GET /api/students HTTP/1.1" 200 580 44
0:0:0:0:0:0:0:1 - - [14/Apr/2017:21:13:23 +0200] "GET /api/subjects/3/available HTTP/1.1" 200 12 100
0:0:0:0:0:0:0:1 - - [14/Apr/2017:21:13:23 +0200] "GET /api/subjects/3/students HTTP/1.1" 200 296 89
0:0:0:0:0:0:0:1 - - [14/Apr/2017:21:13:23 +0200] "GET /api/subjectdependency/subject/3 HTTP/1.1" 200 231 174
0:0:0:0:0:0:0:1 - - [14/Apr/2017:21:13:23 +0200] "GET /api/subjects/3/duties HTTP/1.1" 200 366 73
0:0:0:0:0:0:0:1 - - [14/Apr/2017:21:13:23 +0200] "GET /api/professors HTTP/1.1" 200 353 67
0:0:0:0:0:0:0:1 - - [14/Apr/2017:21:13:23 +0200] "GET /api/professorRoles/subjects/3 HTTP/1.1" 200 12 81
0:0:0:0:0:0:0:1 - - [14/Apr/2017:21:14:47 +0200] "GET /static/views/modals/languages.html HTTP/1.1" 200 1446 45
0:0:0:0:0:0:0:1 - - [14/Apr/2017:21:14:49 +0200] "GET /static/translations/gb.json HTTP/1.1" 200 3875 53
0:0:0:0:0:0:0:1 - - [14/Apr/2017:21:15:25 +0200] "GET /api/subjects HTTP/1.1" 200 193 21
0:0:0:0:0:0:0:1 - - [14/Apr/2017:21:15:26 +0200] "GET /api/professors HTTP/1.1" 200 353 12
0:0:0:0:0:0:0:1 - - [14/Apr/2017:21:15:26 +0200] "GET /api/subjects HTTP/1.1" 200 193 28
0:0:0:0:0:0:0:1 - - [14/Apr/2017:21:15:27 +0200] "GET /static/views/modals/subject.html HTTP/1.1" 200 2151 41
0:0:0:0:0:0:0:1 - - [14/Apr/2017:21:15:47 +0200] "POST /api/subjects HTTP/1.1" 200 74 252
0:0:0:0:0:0:0:1 - - [14/Apr/2017:21:15:47 +0200] "GET /api/subjects HTTP/1.1" 200 257 10
0:0:0:0:0:0:0:1 - - [14/Apr/2017:21:15:49 +0200] "GET /api/subjects/3 HTTP/1.1" 200 103 26
0:0:0:0:0:0:0:1 - - [14/Apr/2017:21:15:49 +0200] "GET /api/subjectdependency/subject/3 HTTP/1.1" 200 231 27
0:0:0:0:0:0:0:1 - - [14/Apr/2017:21:15:49 +0200] "GET /api/subjects/3/students HTTP/1.1" 200 296 18
0:0:0:0:0:0:0:1 - - [14/Apr/2017:21:15:49 +0200] "GET /api/subjects/3/available HTTP/1.1" 200 76 73
0:0:0:0:0:0:0:1 - - [14/Apr/2017:21:15:49 +0200] "GET /api/professors HTTP/1.1" 200 353 13
0:0:0:0:0:0:0:1 - - [14/Apr/2017:21:15:49 +0200] "GET /api/subjects/3/duties HTTP/1.1" 200 366 37
0:0:0:0:0:0:0:1 - - [14/Apr/2017:21:15:49 +0200] "GET /api/students HTTP/1.1" 200 580 65
0:0:0:0:0:0:0:1 - - [14/Apr/2017:21:15:49 +0200] "GET /api/professorRoles/subjects/3 HTTP/1.1" 200 12 26
0:0:0:0:0:0:0:1 - - [14/Apr/2017:21:15:50 +0200] "GET /static/views/modals/subjectDependency.html HTTP/1.1" 200 1059 53
0:0:0:0:0:0:0:1 - - [14/Apr/2017:21:15:53 +0200] "PUT /api/subjectdependency HTTP/1.1" 201 296 281
0:0:0:0:0:0:0:1 - - [14/Apr/2017:21:16:16 +0200] "GET /api/students?page=0&size=20 HTTP/1.1" 200 580 27
0:0:0:0:0:0:0:1 - - [14/Apr/2017:21:16:16 +0200] "GET /api/students/count HTTP/1.1" 200 11 14
0:0:0:0:0:0:0:1 - - [14/Apr/2017:21:16:16 +0200] "GET /api/students/search?size=20 HTTP/1.1" 200 12 7
0:0:0:0:0:0:0:1 - - [14/Apr/2017:21:16:16 +0200] "GET /api/students?page=0&size=20 HTTP/1.1" 200 580 11
0:0:0:0:0:0:0:1 - - [14/Apr/2017:21:16:17 +0200] "GET /static/views/student.html HTTP/1.1" 200 9212 45
0:0:0:0:0:0:0:1 - - [14/Apr/2017:21:16:17 +0200] "GET /api/students/2 HTTP/1.1" 200 294 35
0:0:0:0:0:0:0:1 - - [14/Apr/2017:21:16:17 +0200] "GET /api/studentsubject/student/2 HTTP/1.1" 200 454 46
0:0:0:0:0:0:0:1 - - [14/Apr/2017:21:16:17 +0200] "GET /api/students/2/subjects HTTP/1.1" 200 105 20
0:0:0:0:0:0:0:1 - - [14/Apr/2017:21:16:17 +0200] "GET /api/students/2/files HTTP/1.1" 200 109 63
0:0:0:0:0:0:0:1 - - [14/Apr/2017:21:16:17 +0200] "GET /api/students/2/exams HTTP/1.1" 200 529 16
0:0:0:0:0:0:0:1 - - [14/Apr/2017:21:16:17 +0200] "GET /api/students/2/payments HTTP/1.1" 200 397 68
0:0:0:0:0:0:0:1 - - [14/Apr/2017:21:16:17 +0200] "GET /%7B%7Buser.picturePath%7D%7D HTTP/1.1" 404 152 32
0:0:0:0:0:0:0:1 - - [14/Apr/2017:21:16:17 +0200] "GET /static/images/profile.png HTTP/1.1" 200 11837 124
0:0:0:0:0:0:0:1 - - [14/Apr/2017:21:16:17 +0200] "GET /resources/profileImages/1488030207547_200_s.gif HTTP/1.1" 200 42225 72
0:0:0:0:0:0:0:1 - - [14/Apr/2017:21:20:54 +0200] "GET /api/subjects/3 HTTP/1.1" 200 103 16
0:0:0:0:0:0:0:1 - - [14/Apr/2017:21:20:54 +0200] "GET /api/subjects/3/students HTTP/1.1" 200 296 11
0:0:0:0:0:0:0:1 - - [14/Apr/2017:21:20:54 +0200] "GET /api/students HTTP/1.1" 200 580 16
0:0:0:0:0:0:0:1 - - [14/Apr/2017:21:20:54 +0200] "GET /api/subjects/3/duties HTTP/1.1" 200 366 18
0:0:0:0:0:0:0:1 - - [14/Apr/2017:21:20:54 +0200] "GET /api/subjectdependency/subject/3 HTTP/1.1" 200 296 124
0:0:0:0:0:0:0:1 - - [14/Apr/2017:21:20:54 +0200] "GET /api/professorRoles/subjects/3 HTTP/1.1" 200 12 23
0:0:0:0:0:0:0:1 - - [14/Apr/2017:21:20:54 +0200] "GET /api/professors HTTP/1.1" 200 353 53
0:0:0:0:0:0:0:1 - - [14/Apr/2017:21:20:54 +0200] "GET /api/subjects/3/available HTTP/1.1" 200 12 204
0:0:0:0:0:0:0:1 - - [14/Apr/2017:21:20:56 +0200] "GET /api/students/2 HTTP/1.1" 200 294 11
0:0:0:0:0:0:0:1 - - [14/Apr/2017:21:20:56 +0200] "GET /api/studentsubject/student/2 HTTP/1.1" 200 454 40
0:0:0:0:0:0:0:1 - - [14/Apr/2017:21:20:56 +0200] "GET /api/students/2/payments HTTP/1.1" 200 397 12
0:0:0:0:0:0:0:1 - - [14/Apr/2017:21:20:56 +0200] "GET /api/students/2/exams HTTP/1.1" 200 529 11
0:0:0:0:0:0:0:1 - - [14/Apr/2017:21:20:56 +0200] "GET /%7B%7Buser.picturePath%7D%7D HTTP/1.1" 404 152 11
0:0:0:0:0:0:0:1 - - [14/Apr/2017:21:20:56 +0200] "GET /api/students/2/subjects HTTP/1.1" 200 105 55
0:0:0:0:0:0:0:1 - - [14/Apr/2017:21:20:56 +0200] "GET /api/students/2/files HTTP/1.1" 200 109 67
0:0:0:0:0:0:0:1 - - [14/Apr/2017:21:21:46 +0200] "GET /api/subjects/3 HTTP/1.1" 200 103 18
0:0:0:0:0:0:0:1 - - [14/Apr/2017:21:21:46 +0200] "GET /api/subjects/3/available HTTP/1.1" 200 12 34
0:0:0:0:0:0:0:1 - - [14/Apr/2017:21:21:46 +0200] "GET /api/subjectdependency/subject/3 HTTP/1.1" 200 296 65
0:0:0:0:0:0:0:1 - - [14/Apr/2017:21:21:46 +0200] "GET /api/subjects/3/students HTTP/1.1" 200 296 41
0:0:0:0:0:0:0:1 - - [14/Apr/2017:21:21:47 +0200] "GET /api/students HTTP/1.1" 200 580 25
0:0:0:0:0:0:0:1 - - [14/Apr/2017:21:21:47 +0200] "GET /api/subjects/3/duties HTTP/1.1" 200 366 13
0:0:0:0:0:0:0:1 - - [14/Apr/2017:21:21:47 +0200] "GET /api/professorRoles/subjects/3 HTTP/1.1" 200 12 20
0:0:0:0:0:0:0:1 - - [14/Apr/2017:21:21:47 +0200] "GET /api/professors HTTP/1.1" 200 353 39
0:0:0:0:0:0:0:1 - - [14/Apr/2017:21:21:47 +0200] "GET /static/images/elearning.png HTTP/1.1" 200 3958 4
0:0:0:0:0:0:0:1 - - [14/Apr/2017:21:25:21 +0200] "GET / HTTP/1.1" 200 3670 13
0:0:0:0:0:0:0:1 - - [14/Apr/2017:21:25:21 +0200] "GET /static/styles/app.css HTTP/1.1" 200 2211 7
0:0:0:0:0:0:0:1 - - [14/Apr/2017:21:25:21 +0200] "GET /static/styles/font-awesome.css HTTP/1.1" 200 72243 10
0:0:0:0:0:0:0:1 - - [14/Apr/2017:21:25:21 +0200] "GET /static/css/oneSubject.css HTTP/1.1" 200 882 10
0:0:0:0:0:0:0:1 - - [14/Apr/2017:21:25:21 +0200] "GET /static/bower_components/jquery/dist/jquery.js HTTP/1.1" 200 267194 26
0:0:0:0:0:0:0:1 - - [14/Apr/2017:21:25:21 +0200] "GET /static/css/flags.css HTTP/1.1" 200 12233 38
0:0:0:0:0:0:0:1 - - [14/Apr/2017:21:25:21 +0200] "GET /static/bower_components/angular-resource/angular-resource.js HTTP/1.1" 200 34700 27
0:0:0:0:0:0:0:1 - - [14/Apr/2017:21:25:21 +0200] "GET /static/css/bootstrap.min.css HTTP/1.1" 200 130871 61
0:0:0:0:0:0:0:1 - - [14/Apr/2017:21:25:21 +0200] "GET /static/bower_components/bootstrap-sass-official/assets/javascripts/bootstrap.js HTTP/1.1" 200 69707 85
0:0:0:0:0:0:0:1 - - [14/Apr/2017:21:25:21 +0200] "GET /static/bower_components/restangular/dist/restangular.js HTTP/1.1" 200 47677 26
0:0:0:0:0:0:0:1 - - [14/Apr/2017:21:25:21 +0200] "GET /static/bower_components/angular-lodash-module/angular-lodash-module.js HTTP/1.1" 200 286 9
0:0:0:0:0:0:0:1 - - [14/Apr/2017:21:25:21 +0200] "GET /static/bower_components/angular-drag-and-drop-lists/angular-drag-and-drop-lists.js HTTP/1.1" 200 29810 10
0:0:0:0:0:0:0:1 - - [14/Apr/2017:21:25:21 +0200] "GET /static/bower_components/angular-translate/angular-translate.js HTTP/1.1" 200 128374 13
0:0:0:0:0:0:0:1 - - [14/Apr/2017:21:25:21 +0200] "GET /static/bower_components/angular-jwt/dist/angular-jwt.js HTTP/1.1" 200 3625 14
0:0:0:0:0:0:0:1 - - [14/Apr/2017:21:25:21 +0200] "GET /static/bower_components/lodash/lodash.js HTTP/1.1" 200 366499 119
0:0:0:0:0:0:0:1 - - [14/Apr/2017:21:25:21 +0200] "GET /static/bower_components/angular-bootstrap/ui-bootstrap-tpls.js HTTP/1.1" 200 247651 173
0:0:0:0:0:0:0:1 - - [14/Apr/2017:21:25:21 +0200] "GET /static/scripts/controllers/ApplicationController.js HTTP/1.1" 200 1856 4
0:0:0:0:0:0:0:1 - - [14/Apr/2017:21:25:21 +0200] "GET /static/scripts/controllers/HomeController.js HTTP/1.1" 200 96 3
0:0:0:0:0:0:0:1 - - [14/Apr/2017:21:25:21 +0200] "GET /static/scripts/controllers/StudentsController.js HTTP/1.1" 200 6913 8
0:0:0:0:0:0:0:1 - - [14/Apr/2017:21:25:21 +0200] "GET /static/scripts/app.js HTTP/1.1" 200 3617 104
0:0:0:0:0:0:0:1 - - [14/Apr/2017:21:25:21 +0200] "GET /static/scripts/controllers/StudentController.js HTTP/1.1" 200 12868 5
0:0:0:0:0:0:0:1 - - [14/Apr/2017:21:25:21 +0200] "GET /static/scripts/controllers/ProfessorsController.js HTTP/1.1" 200 3449 4
0:0:0:0:0:0:0:1 - - [14/Apr/2017:21:25:21 +0200] "GET /static/scripts/controllers/SubjectsController.js HTTP/1.1" 200 3578 81
0:0:0:0:0:0:0:1 - - [14/Apr/2017:21:25:21 +0200] "GET /static/scripts/controllers/ProfessorController.js HTTP/1.1" 200 2980 8
0:0:0:0:0:0:0:1 - - [14/Apr/2017:21:25:21 +0200] "GET /static/scripts/controllers/SubjectController.js HTTP/1.1" 200 25145 6
0:0:0:0:0:0:0:1 - - [14/Apr/2017:21:25:21 +0200] "GET /static/scripts/controllers/AboutController.js HTTP/1.1" 200 97 9
0:0:0:0:0:0:0:1 - - [14/Apr/2017:21:25:21 +0200] "GET /static/scripts/controllers/modals/LoginModalController.js HTTP/1.1" 200 886 4
0:0:0:0:0:0:0:1 - - [14/Apr/2017:21:25:21 +0200] "GET /static/bower_components/angular-translate-loader-static-files/angular-translate-loader-static-files.js HTTP/1.1" 200 3063 250
0:0:0:0:0:0:0:1 - - [14/Apr/2017:21:25:21 +0200] "GET /static/bower_components/ng-file-upload/ng-file-upload.min.js HTTP/1.1" 200 37495 241
0:0:0:0:0:0:0:1 - - [14/Apr/2017:21:25:21 +0200] "GET /static/scripts/controllers/modals/LanguagesModalController.js HTTP/1.1" 200 584 5
0:0:0:0:0:0:0:1 - - [14/Apr/2017:21:25:21 +0200] "GET /static/bower_components/angular-route/angular-route.js HTTP/1.1" 200 44971 375
0:0:0:0:0:0:0:1 - - [14/Apr/2017:21:25:21 +0200] "GET /static/scripts/controllers/modals/UserModalController.js HTTP/1.1" 200 2030 11
0:0:0:0:0:0:0:1 - - [14/Apr/2017:21:25:21 +0200] "GET /static/scripts/controllers/modals/PasswordModalController.js HTTP/1.1" 200 425 6
0:0:0:0:0:0:0:1 - - [14/Apr/2017:21:25:21 +0200] "GET /static/scripts/services/AuthService.js HTTP/1.1" 200 1562 6
0:0:0:0:0:0:0:1 - - [14/Apr/2017:21:25:21 +0200] "GET /static/bower_components/angular/angular.js HTTP/1.1" 200 1237968 431
0:0:0:0:0:0:0:1 - - [14/Apr/2017:21:25:22 +0200] "GET /static/translations/gb.json HTTP/1.1" 200 3875 6
0:0:0:0:0:0:0:1 - - [14/Apr/2017:21:25:22 +0200] "GET /static/views/partials/footer.html HTTP/1.1" 200 352 7
0:0:0:0:0:0:0:1 - - [14/Apr/2017:21:25:22 +0200] "GET /static/views/partials/main_menu.html HTTP/1.1" 200 3379 11
0:0:0:0:0:0:0:1 - - [14/Apr/2017:21:25:22 +0200] "GET /static/views/subject.html HTTP/1.1" 200 8560 17
0:0:0:0:0:0:0:1 - - [14/Apr/2017:21:25:22 +0200] "GET /api/subjects/3 HTTP/1.1" 200 103 11
0:0:0:0:0:0:0:1 - - [14/Apr/2017:21:25:22 +0200] "GET /api/subjects/3/available HTTP/1.1" 200 12 26
0:0:0:0:0:0:0:1 - - [14/Apr/2017:21:25:22 +0200] "GET /api/students HTTP/1.1" 200 580 11
0:0:0:0:0:0:0:1 - - [14/Apr/2017:21:25:22 +0200] "GET /api/subjects/3/students HTTP/1.1" 200 296 43
0:0:0:0:0:0:0:1 - - [14/Apr/2017:21:25:22 +0200] "GET /api/professors HTTP/1.1" 200 353 12
0:0:0:0:0:0:0:1 - - [14/Apr/2017:21:25:22 +0200] "GET /api/subjects/3/duties HTTP/1.1" 200 366 34
0:0:0:0:0:0:0:1 - - [14/Apr/2017:21:25:22 +0200] "GET /api/professorRoles/subjects/3 HTTP/1.1" 200 12 13
0:0:0:0:0:0:0:1 - - [14/Apr/2017:21:25:22 +0200] "GET /api/subjectdependency/subject/3 HTTP/1.1" 200 296 88
0:0:0:0:0:0:0:1 - - [14/Apr/2017:21:25:22 +0200] "GET /static/fonts/fontawesome-webfont.woff2?v=4.6.3 HTTP/1.1" 200 71896 7
0:0:0:0:0:0:0:1 - - [14/Apr/2017:21:25:22 +0200] "GET /static/fonts/glyphicons-halflings-regular.woff2 HTTP/1.1" 200 18028 7
0:0:0:0:0:0:0:1 - - [14/Apr/2017:21:25:22 +0200] "GET /static/images/flags.png HTTP/1.1" 200 112317 14
0:0:0:0:0:0:0:1 - - [14/Apr/2017:21:25:22 +0200] "GET /static/images/elearning.png HTTP/1.1" 200 3958 5
0:0:0:0:0:0:0:1 - - [14/Apr/2017:21:25:28 +0200] "GET / HTTP/1.1" 200 3670 7
0:0:0:0:0:0:0:1 - - [14/Apr/2017:21:25:28 +0200] "GET /static/styles/app.css HTTP/1.1" 200 2211 7
0:0:0:0:0:0:0:1 - - [14/Apr/2017:21:25:28 +0200] "GET /static/styles/font-awesome.css HTTP/1.1" 200 72243 12
0:0:0:0:0:0:0:1 - - [14/Apr/2017:21:25:28 +0200] "GET /static/css/oneSubject.css HTTP/1.1" 200 882 5
0:0:0:0:0:0:0:1 - - [14/Apr/2017:21:25:28 +0200] "GET /static/css/flags.css HTTP/1.1" 200 12233 5
0:0:0:0:0:0:0:1 - - [14/Apr/2017:21:25:28 +0200] "GET /static/css/bootstrap.min.css HTTP/1.1" 200 130871 27
0:0:0:0:0:0:0:1 - - [14/Apr/2017:21:25:28 +0200] "GET /static/bower_components/jquery/dist/jquery.js HTTP/1.1" 200 267194 20
0:0:0:0:0:0:0:1 - - [14/Apr/2017:21:25:28 +0200] "GET /static/bower_components/bootstrap-sass-official/assets/javascripts/bootstrap.js HTTP/1.1" 200 69707 7
0:0:0:0:0:0:0:1 - - [14/Apr/2017:21:25:28 +0200] "GET /static/bower_components/angular-route/angular-route.js HTTP/1.1" 200 44971 4
0:0:0:0:0:0:0:1 - - [14/Apr/2017:21:25:28 +0200] "GET /static/bower_components/lodash/lodash.js HTTP/1.1" 200 366499 14
0:0:0:0:0:0:0:1 - - [14/Apr/2017:21:25:28 +0200] "GET /static/bower_components/restangular/dist/restangular.js HTTP/1.1" 200 47677 4
0:0:0:0:0:0:0:1 - - [14/Apr/2017:21:25:28 +0200] "GET /static/bower_components/angular/angular.js HTTP/1.1" 200 1237968 51
0:0:0:0:0:0:0:1 - - [14/Apr/2017:21:25:28 +0200] "GET /static/bower_components/angular-bootstrap/ui-bootstrap-tpls.js HTTP/1.1" 200 247651 11
0:0:0:0:0:0:0:1 - - [14/Apr/2017:21:25:28 +0200] "GET /static/bower_components/angular-drag-and-drop-lists/angular-drag-and-drop-lists.js HTTP/1.1" 200 29810 5
0:0:0:0:0:0:0:1 - - [14/Apr/2017:21:25:28 +0200] "GET /static/bower_components/angular-translate/angular-translate.js HTTP/1.1" 200 128374 7
0:0:0:0:0:0:0:1 - - [14/Apr/2017:21:25:28 +0200] "GET /static/bower_components/angular-translate-loader-static-files/angular-translate-loader-static-files.js HTTP/1.1" 200 3063 5
0:0:0:0:0:0:0:1 - - [14/Apr/2017:21:25:28 +0200] "GET /static/scripts/app.js HTTP/1.1" 200 3617 7
0:0:0:0:0:0:0:1 - - [14/Apr/2017:21:25:28 +0200] "GET /static/bower_components/angular-jwt/dist/angular-jwt.js HTTP/1.1" 200 3625 8
0:0:0:0:0:0:0:1 - - [14/Apr/2017:21:25:28 +0200] "GET /static/scripts/controllers/ApplicationController.js HTTP/1.1" 200 1856 10
0:0:0:0:0:0:0:1 - - [14/Apr/2017:21:25:28 +0200] "GET /static/scripts/controllers/HomeController.js HTTP/1.1" 200 96 6
0:0:0:0:0:0:0:1 - - [14/Apr/2017:21:25:28 +0200] "GET /static/scripts/controllers/StudentController.js HTTP/1.1" 200 12868 6
0:0:0:0:0:0:0:1 - - [14/Apr/2017:21:25:28 +0200] "GET /static/scripts/controllers/ProfessorsController.js HTTP/1.1" 200 3449 7
0:0:0:0:0:0:0:1 - - [14/Apr/2017:21:25:28 +0200] "GET /static/scripts/controllers/SubjectController.js HTTP/1.1" 200 25145 5
0:0:0:0:0:0:0:1 - - [14/Apr/2017:21:25:28 +0200] "GET /static/scripts/controllers/ProfessorController.js HTTP/1.1" 200 2980 7
0:0:0:0:0:0:0:1 - - [14/Apr/2017:21:25:28 +0200] "GET /static/scripts/controllers/AboutController.js HTTP/1.1" 200 97 4
0:0:0:0:0:0:0:1 - - [14/Apr/2017:21:25:28 +0200] "GET /static/scripts/controllers/StudentsController.js HTTP/1.1" 200 6913 38
0:0:0:0:0:0:0:1 - - [14/Apr/2017:21:25:28 +0200] "GET /static/scripts/controllers/modals/LanguagesModalController.js HTTP/1.1" 200 584 5
0:0:0:0:0:0:0:1 - - [14/Apr/2017:21:25:28 +0200] "GET /static/scripts/controllers/modals/LoginModalController.js HTTP/1.1" 200 886 13
0:0:0:0:0:0:0:1 - - [14/Apr/2017:21:25:28 +0200] "GET /static/scripts/controllers/modals/PasswordModalController.js HTTP/1.1" 200 425 3
0:0:0:0:0:0:0:1 - - [14/Apr/2017:21:25:28 +0200] "GET /static/scripts/controllers/modals/UserModalController.js HTTP/1.1" 200 2030 7
0:0:0:0:0:0:0:1 - - [14/Apr/2017:21:25:28 +0200] "GET /static/scripts/services/AuthService.js HTTP/1.1" 200 1562 5
0:0:0:0:0:0:0:1 - - [14/Apr/2017:21:25:28 +0200] "GET /static/bower_components/angular-resource/angular-resource.js HTTP/1.1" 200 34700 130
0:0:0:0:0:0:0:1 - - [14/Apr/2017:21:25:28 +0200] "GET /static/bower_components/angular-lodash-module/angular-lodash-module.js HTTP/1.1" 200 286 9
0:0:0:0:0:0:0:1 - - [14/Apr/2017:21:25:28 +0200] "GET /static/bower_components/ng-file-upload/ng-file-upload.min.js HTTP/1.1" 200 37495 146
0:0:0:0:0:0:0:1 - - [14/Apr/2017:21:25:28 +0200] "GET /static/scripts/controllers/SubjectsController.js HTTP/1.1" 200 3578 132
0:0:0:0:0:0:0:1 - - [14/Apr/2017:21:25:29 +0200] "GET /static/translations/gb.json HTTP/1.1" 200 3875 7
0:0:0:0:0:0:0:1 - - [14/Apr/2017:21:25:29 +0200] "GET /static/views/partials/main_menu.html HTTP/1.1" 200 3379 5
0:0:0:0:0:0:0:1 - - [14/Apr/2017:21:25:29 +0200] "GET /static/views/partials/footer.html HTTP/1.1" 200 352 5
0:0:0:0:0:0:0:1 - - [14/Apr/2017:21:25:29 +0200] "GET /static/views/subject.html HTTP/1.1" 200 8560 5
0:0:0:0:0:0:0:1 - - [14/Apr/2017:21:25:29 +0200] "GET /api/subjects/3 HTTP/1.1" 200 103 10
0:0:0:0:0:0:0:1 - - [14/Apr/2017:21:25:29 +0200] "GET /api/subjectdependency/subject/3 HTTP/1.1" 200 296 20
0:0:0:0:0:0:0:1 - - [14/Apr/2017:21:25:29 +0200] "GET /api/subjects/3/available HTTP/1.1" 200 12 47
0:0:0:0:0:0:0:1 - - [14/Apr/2017:21:25:29 +0200] "GET /api/students HTTP/1.1" 200 580 12
0:0:0:0:0:0:0:1 - - [14/Apr/2017:21:25:29 +0200] "GET /api/subjects/3/duties HTTP/1.1" 200 366 25
0:0:0:0:0:0:0:1 - - [14/Apr/2017:21:25:29 +0200] "GET /api/subjects/3/students HTTP/1.1" 200 296 52
0:0:0:0:0:0:0:1 - - [14/Apr/2017:21:25:29 +0200] "GET /api/professors HTTP/1.1" 200 353 45
0:0:0:0:0:0:0:1 - - [14/Apr/2017:21:25:29 +0200] "GET /api/professorRoles/subjects/3 HTTP/1.1" 200 12 11
0:0:0:0:0:0:0:1 - - [14/Apr/2017:21:25:29 +0200] "GET /static/fonts/fontawesome-webfont.woff2?v=4.6.3 HTTP/1.1" 200 71896 6
0:0:0:0:0:0:0:1 - - [14/Apr/2017:21:25:29 +0200] "GET /static/fonts/glyphicons-halflings-regular.woff2 HTTP/1.1" 200 18028 7
0:0:0:0:0:0:0:1 - - [14/Apr/2017:21:25:29 +0200] "GET /static/images/flags.png HTTP/1.1" 200 112317 10
0:0:0:0:0:0:0:1 - - [14/Apr/2017:21:25:29 +0200] "GET /static/images/elearning.png HTTP/1.1" 200 3958 5
0:0:0:0:0:0:0:1 - - [14/Apr/2017:21:25:31 +0200] "GET /static/views/students.html HTTP/1.1" 200 2907 4
0:0:0:0:0:0:0:1 - - [14/Apr/2017:21:25:31 +0200] "GET /static/images/elearning.png HTTP/1.1" 200 3958 6
0:0:0:0:0:0:0:1 - - [14/Apr/2017:21:25:31 +0200] "GET /api/students?page=0&size=20 HTTP/1.1" 200 580 12
0:0:0:0:0:0:0:1 - - [14/Apr/2017:21:25:31 +0200] "GET /api/students/count HTTP/1.1" 200 11 19
0:0:0:0:0:0:0:1 - - [14/Apr/2017:21:25:31 +0200] "GET /api/students/search?size=20 HTTP/1.1" 200 12 8
0:0:0:0:0:0:0:1 - - [14/Apr/2017:21:25:31 +0200] "GET /api/students?page=0&size=20 HTTP/1.1" 200 580 14
0:0:0:0:0:0:0:1 - - [14/Apr/2017:21:25:33 +0200] "GET /static/views/student.html HTTP/1.1" 200 9212 6
0:0:0:0:0:0:0:1 - - [14/Apr/2017:21:25:33 +0200] "GET /static/images/elearning.png HTTP/1.1" 200 3958 3
0:0:0:0:0:0:0:1 - - [14/Apr/2017:21:25:33 +0200] "GET /api/students/2 HTTP/1.1" 200 294 13
0:0:0:0:0:0:0:1 - - [14/Apr/2017:21:25:33 +0200] "GET /api/studentsubject/student/2 HTTP/1.1" 200 454 13
0:0:0:0:0:0:0:1 - - [14/Apr/2017:21:25:33 +0200] "GET /api/students/2/files HTTP/1.1" 200 109 13
0:0:0:0:0:0:0:1 - - [14/Apr/2017:21:25:33 +0200] "GET /api/students/2/subjects HTTP/1.1" 200 105 18
0:0:0:0:0:0:0:1 - - [14/Apr/2017:21:25:33 +0200] "GET /api/students/2/payments HTTP/1.1" 200 397 21
0:0:0:0:0:0:0:1 - - [14/Apr/2017:21:25:33 +0200] "GET /api/students/2/exams HTTP/1.1" 200 529 12
0:0:0:0:0:0:0:1 - - [14/Apr/2017:21:25:33 +0200] "GET /%7B%7Buser.picturePath%7D%7D HTTP/1.1" 404 152 6
0:0:0:0:0:0:0:1 - - [14/Apr/2017:21:25:33 +0200] "GET /static/images/profile.png HTTP/1.1" 200 11837 12
0:0:0:0:0:0:0:1 - - [14/Apr/2017:21:25:33 +0200] "GET /resources/profileImages/1488030207547_200_s.gif HTTP/1.1" 200 42225 6
0:0:0:0:0:0:0:1 - - [14/Apr/2017:21:35:14 +0200] "GET / HTTP/1.1" 200 3670 11
0:0:0:0:0:0:0:1 - - [14/Apr/2017:21:35:14 +0200] "GET /static/styles/app.css HTTP/1.1" 200 2211 8
0:0:0:0:0:0:0:1 - - [14/Apr/2017:21:35:14 +0200] "GET /static/styles/font-awesome.css HTTP/1.1" 200 72243 11
0:0:0:0:0:0:0:1 - - [14/Apr/2017:21:35:14 +0200] "GET /static/css/bootstrap.min.css HTTP/1.1" 200 130871 13
0:0:0:0:0:0:0:1 - - [14/Apr/2017:21:35:14 +0200] "GET /static/css/flags.css HTTP/1.1" 200 12233 5
0:0:0:0:0:0:0:1 - - [14/Apr/2017:21:35:14 +0200] "GET /static/css/oneSubject.css HTTP/1.1" 200 882 4
0:0:0:0:0:0:0:1 - - [14/Apr/2017:21:35:14 +0200] "GET /static/bower_components/jquery/dist/jquery.js HTTP/1.1" 200 267194 19
0:0:0:0:0:0:0:1 - - [14/Apr/2017:21:35:14 +0200] "GET /static/bower_components/bootstrap-sass-official/assets/javascripts/bootstrap.js HTTP/1.1" 200 69707 10
0:0:0:0:0:0:0:1 - - [14/Apr/2017:21:35:14 +0200] "GET /static/bower_components/angular-route/angular-route.js HTTP/1.1" 200 44971 11
0:0:0:0:0:0:0:1 - - [14/Apr/2017:21:35:14 +0200] "GET /static/bower_components/restangular/dist/restangular.js HTTP/1.1" 200 47677 7
0:0:0:0:0:0:0:1 - - [14/Apr/2017:21:35:14 +0200] "GET /static/bower_components/lodash/lodash.js HTTP/1.1" 200 366499 33
0:0:0:0:0:0:0:1 - - [14/Apr/2017:21:35:14 +0200] "GET /static/bower_components/angular-lodash-module/angular-lodash-module.js HTTP/1.1" 200 286 8
0:0:0:0:0:0:0:1 - - [14/Apr/2017:21:35:14 +0200] "GET /static/bower_components/angular-drag-and-drop-lists/angular-drag-and-drop-lists.js HTTP/1.1" 200 29810 8
0:0:0:0:0:0:0:1 - - [14/Apr/2017:21:35:14 +0200] "GET /static/bower_components/angular-translate-loader-static-files/angular-translate-loader-static-files.js HTTP/1.1" 200 3063 6
0:0:0:0:0:0:0:1 - - [14/Apr/2017:21:35:14 +0200] "GET /static/bower_components/ng-file-upload/ng-file-upload.min.js HTTP/1.1" 200 37495 9
0:0:0:0:0:0:0:1 - - [14/Apr/2017:21:35:14 +0200] "GET /static/scripts/app.js HTTP/1.1" 200 3617 6
0:0:0:0:0:0:0:1 - - [14/Apr/2017:21:35:14 +0200] "GET /static/scripts/controllers/ApplicationController.js HTTP/1.1" 200 1856 6
0:0:0:0:0:0:0:1 - - [14/Apr/2017:21:35:14 +0200] "GET /static/scripts/controllers/HomeController.js HTTP/1.1" 200 96 5
0:0:0:0:0:0:0:1 - - [14/Apr/2017:21:35:14 +0200] "GET /static/scripts/controllers/StudentsController.js HTTP/1.1" 200 6913 6
0:0:0:0:0:0:0:1 - - [14/Apr/2017:21:35:14 +0200] "GET /static/scripts/controllers/SubjectsController.js HTTP/1.1" 200 3578 5
0:0:0:0:0:0:0:1 - - [14/Apr/2017:21:35:14 +0200] "GET /static/scripts/controllers/StudentController.js HTTP/1.1" 200 12868 5
0:0:0:0:0:0:0:1 - - [14/Apr/2017:21:35:14 +0200] "GET /static/bower_components/angular-translate/angular-translate.js HTTP/1.1" 200 128374 13
0:0:0:0:0:0:0:1 - - [14/Apr/2017:21:35:14 +0200] "GET /static/scripts/controllers/SubjectController.js HTTP/1.1" 200 25145 6
0:0:0:0:0:0:0:1 - - [14/Apr/2017:21:35:14 +0200] "GET /static/scripts/controllers/ProfessorController.js HTTP/1.1" 200 2980 6
0:0:0:0:0:0:0:1 - - [14/Apr/2017:21:35:14 +0200] "GET /static/scripts/controllers/AboutController.js HTTP/1.1" 200 97 4
0:0:0:0:0:0:0:1 - - [14/Apr/2017:21:35:14 +0200] "GET /static/bower_components/angular-bootstrap/ui-bootstrap-tpls.js HTTP/1.1" 200 247651 135
0:0:0:0:0:0:0:1 - - [14/Apr/2017:21:35:14 +0200] "GET /static/scripts/controllers/modals/LanguagesModalController.js HTTP/1.1" 200 584 12
0:0:0:0:0:0:0:1 - - [14/Apr/2017:21:35:14 +0200] "GET /static/scripts/controllers/modals/UserModalController.js HTTP/1.1" 200 2030 5
0:0:0:0:0:0:0:1 - - [14/Apr/2017:21:35:14 +0200] "GET /static/scripts/controllers/modals/PasswordModalController.js HTTP/1.1" 200 425 5
0:0:0:0:0:0:0:1 - - [14/Apr/2017:21:35:14 +0200] "GET /static/scripts/services/AuthService.js HTTP/1.1" 200 1562 4
0:0:0:0:0:0:0:1 - - [14/Apr/2017:21:35:14 +0200] "GET /static/scripts/controllers/modals/LoginModalController.js HTTP/1.1" 200 886 46
0:0:0:0:0:0:0:1 - - [14/Apr/2017:21:35:14 +0200] "GET /static/bower_components/angular/angular.js HTTP/1.1" 200 1237968 265
0:0:0:0:0:0:0:1 - - [14/Apr/2017:21:35:14 +0200] "GET /static/bower_components/angular-resource/angular-resource.js HTTP/1.1" 200 34700 303
0:0:0:0:0:0:0:1 - - [14/Apr/2017:21:35:14 +0200] "GET /static/scripts/controllers/ProfessorsController.js HTTP/1.1" 200 3449 185
0:0:0:0:0:0:0:1 - - [14/Apr/2017:21:35:14 +0200] "GET /static/bower_components/angular-jwt/dist/angular-jwt.js HTTP/1.1" 200 3625 234
0:0:0:0:0:0:0:1 - - [14/Apr/2017:21:35:15 +0200] "GET /static/translations/gb.json HTTP/1.1" 200 3911 5
0:0:0:0:0:0:0:1 - - [14/Apr/2017:21:35:15 +0200] "GET /static/views/partials/footer.html HTTP/1.1" 200 352 6
0:0:0:0:0:0:0:1 - - [14/Apr/2017:21:35:15 +0200] "GET /static/views/partials/main_menu.html HTTP/1.1" 200 3379 10
0:0:0:0:0:0:0:1 - - [14/Apr/2017:21:35:15 +0200] "GET /static/views/student.html HTTP/1.1" 200 9749 7
0:0:0:0:0:0:0:1 - - [14/Apr/2017:21:35:15 +0200] "GET /static/fonts/fontawesome-webfont.woff2?v=4.6.3 HTTP/1.1" 200 71896 8
0:0:0:0:0:0:0:1 - - [14/Apr/2017:21:35:15 +0200] "GET /static/fonts/glyphicons-halflings-regular.woff2 HTTP/1.1" 200 18028 6
0:0:0:0:0:0:0:1 - - [14/Apr/2017:21:35:15 +0200] "GET /static/images/flags.png HTTP/1.1" 200 112317 9
0:0:0:0:0:0:0:1 - - [14/Apr/2017:21:35:15 +0200] "GET /api/studentsubject/student/2 HTTP/1.1" 200 454 13
0:0:0:0:0:0:0:1 - - [14/Apr/2017:21:35:15 +0200] "GET /api/students/2/files HTTP/1.1" 200 109 10
0:0:0:0:0:0:0:1 - - [14/Apr/2017:21:35:15 +0200] "GET /api/students/2 HTTP/1.1" 200 294 26
0:0:0:0:0:0:0:1 - - [14/Apr/2017:21:35:15 +0200] "GET /api/students/2/payments HTTP/1.1" 200 397 13
0:0:0:0:0:0:0:1 - - [14/Apr/2017:21:35:15 +0200] "GET /api/students/2/subjects HTTP/1.1" 200 105 23
0:0:0:0:0:0:0:1 - - [14/Apr/2017:21:35:15 +0200] "GET /api/students/2/exams HTTP/1.1" 200 529 15
0:0:0:0:0:0:0:1 - - [14/Apr/2017:21:35:15 +0200] "GET /static/images/profile.png HTTP/1.1" 200 11837 5
0:0:0:0:0:0:0:1 - - [14/Apr/2017:21:35:15 +0200] "GET /%7B%7Buser.picturePath%7D%7D HTTP/1.1" 404 152 29
0:0:0:0:0:0:0:1 - - [14/Apr/2017:21:35:15 +0200] "GET /static/images/elearning.png HTTP/1.1" 200 3958 3
0:0:0:0:0:0:0:1 - - [14/Apr/2017:21:35:15 +0200] "GET /resources/profileImages/1488030207547_200_s.gif HTTP/1.1" 200 42225 4
0:0:0:0:0:0:0:1 - - [14/Apr/2017:21:35:25 +0200] "GET /api/subjects/3 HTTP/1.1" 200 103 11
0:0:0:0:0:0:0:1 - - [14/Apr/2017:21:35:25 +0200] "GET /api/subjectdependency/subject/3 HTTP/1.1" 200 296 18
0:0:0:0:0:0:0:1 - - [14/Apr/2017:21:35:25 +0200] "GET /api/subjects/3/available HTTP/1.1" 200 12 29
0:0:0:0:0:0:0:1 - - [14/Apr/2017:21:35:25 +0200] "GET /api/students HTTP/1.1" 200 580 16
0:0:0:0:0:0:0:1 - - [14/Apr/2017:21:35:26 +0200] "GET /api/subjects/3/duties HTTP/1.1" 200 366 13
0:0:0:0:0:0:0:1 - - [14/Apr/2017:21:35:26 +0200] "GET /api/professors HTTP/1.1" 200 353 10
0:0:0:0:0:0:0:1 - - [14/Apr/2017:21:35:26 +0200] "GET /api/subjects/3/students HTTP/1.1" 200 296 58
0:0:0:0:0:0:0:1 - - [14/Apr/2017:21:35:26 +0200] "GET /api/professorRoles/subjects/3 HTTP/1.1" 200 12 8
0:0:0:0:0:0:0:1 - - [14/Apr/2017:21:35:32 +0200] "GET /api/subjects HTTP/1.1" 200 257 18
0:0:0:0:0:0:0:1 - - [14/Apr/2017:21:35:33 +0200] "GET /api/subjectdependency/subject/4 HTTP/1.1" 200 139 19
0:0:0:0:0:0:0:1 - - [14/Apr/2017:21:35:33 +0200] "GET /api/subjects/4 HTTP/1.1" 200 98 70
0:0:0:0:0:0:0:1 - - [14/Apr/2017:21:35:33 +0200] "GET /api/subjects/4/available HTTP/1.1" 200 76 62
0:0:0:0:0:0:0:1 - - [14/Apr/2017:21:35:33 +0200] "GET /api/students HTTP/1.1" 200 580 13
0:0:0:0:0:0:0:1 - - [14/Apr/2017:21:35:33 +0200] "GET /api/subjects/4/duties HTTP/1.1" 200 12 20
0:0:0:0:0:0:0:1 - - [14/Apr/2017:21:35:33 +0200] "GET /api/professors HTTP/1.1" 200 353 13
0:0:0:0:0:0:0:1 - - [14/Apr/2017:21:35:33 +0200] "GET /api/professorRoles/subjects/4 HTTP/1.1" 200 12 18
0:0:0:0:0:0:0:1 - - [14/Apr/2017:21:35:33 +0200] "GET /api/subjects/4/students HTTP/1.1" 200 12 95
0:0:0:0:0:0:0:1 - - [14/Apr/2017:21:35:37 +0200] "POST /api/subjects/4/students HTTP/1.1" 200 - 144
0:0:0:0:0:0:0:1 - - [14/Apr/2017:21:35:37 +0200] "GET /static/views/modals/success.html HTTP/1.1" 200 524 5
0:0:0:0:0:0:0:1 - - [14/Apr/2017:21:35:39 +0200] "GET / HTTP/1.1" 304 - 67
0:0:0:0:0:0:0:1 - - [14/Apr/2017:21:35:39 +0200] "GET /static/styles/font-awesome.css HTTP/1.1" 304 - 7
0:0:0:0:0:0:0:1 - - [14/Apr/2017:21:35:39 +0200] "GET /static/styles/app.css HTTP/1.1" 304 - 16
0:0:0:0:0:0:0:1 - - [14/Apr/2017:21:35:39 +0200] "GET /static/translations/gb.json HTTP/1.1" 304 - 6
0:0:0:0:0:0:0:1 - - [14/Apr/2017:21:35:39 +0200] "GET /api/subjects/4 HTTP/1.1" 200 98 15
0:0:0:0:0:0:0:1 - - [14/Apr/2017:21:35:39 +0200] "GET /api/subjects/4/available HTTP/1.1" 200 76 29
0:0:0:0:0:0:0:1 - - [14/Apr/2017:21:35:39 +0200] "GET /api/subjectdependency/subject/4 HTTP/1.1" 200 139 42
0:0:0:0:0:0:0:1 - - [14/Apr/2017:21:35:39 +0200] "GET /api/subjects/4/students HTTP/1.1" 200 296 23
0:0:0:0:0:0:0:1 - - [14/Apr/2017:21:35:39 +0200] "GET /api/students HTTP/1.1" 200 580 35
0:0:0:0:0:0:0:1 - - [14/Apr/2017:21:35:39 +0200] "GET /api/subjects/4/duties HTTP/1.1" 200 12 12
0:0:0:0:0:0:0:1 - - [14/Apr/2017:21:35:39 +0200] "GET /api/professors HTTP/1.1" 200 353 9
0:0:0:0:0:0:0:1 - - [14/Apr/2017:21:35:39 +0200] "GET /api/professorRoles/subjects/4 HTTP/1.1" 200 12 27
0:0:0:0:0:0:0:1 - - [14/Apr/2017:21:35:44 +0200] "GET /api/students/count HTTP/1.1" 200 11 7
0:0:0:0:0:0:0:1 - - [14/Apr/2017:21:35:44 +0200] "GET /api/students?page=0&size=20 HTTP/1.1" 200 580 12
0:0:0:0:0:0:0:1 - - [14/Apr/2017:21:35:44 +0200] "GET /api/students/search?size=20 HTTP/1.1" 200 12 5
0:0:0:0:0:0:0:1 - - [14/Apr/2017:21:35:44 +0200] "GET /api/students?page=0&size=20 HTTP/1.1" 200 580 8
0:0:0:0:0:0:0:1 - - [14/Apr/2017:21:35:45 +0200] "GET /static/views/student.html HTTP/1.1" 304 - 9
0:0:0:0:0:0:0:1 - - [14/Apr/2017:21:35:45 +0200] "GET /api/students/2 HTTP/1.1" 200 294 10
0:0:0:0:0:0:0:1 - - [14/Apr/2017:21:35:45 +0200] "GET /api/studentsubject/student/2 HTTP/1.1" 200 890 15
0:0:0:0:0:0:0:1 - - [14/Apr/2017:21:35:45 +0200] "GET /api/students/2/files HTTP/1.1" 200 109 7
0:0:0:0:0:0:0:1 - - [14/Apr/2017:21:35:45 +0200] "GET /api/students/2/payments HTTP/1.1" 200 397 9
0:0:0:0:0:0:0:1 - - [14/Apr/2017:21:35:45 +0200] "GET /api/students/2/subjects HTTP/1.1" 200 193 17
0:0:0:0:0:0:0:1 - - [14/Apr/2017:21:35:45 +0200] "GET /api/students/2/exams HTTP/1.1" 200 529 10
0:0:0:0:0:0:0:1 - - [14/Apr/2017:21:35:45 +0200] "GET /%7B%7Buser.picturePath%7D%7D HTTP/1.1" 404 152 5
0:0:0:0:0:0:0:1 - - [14/Apr/2017:21:36:40 +0200] "GET /api/subjects HTTP/1.1" 200 257 12
0:0:0:0:0:0:0:1 - - [14/Apr/2017:21:36:42 +0200] "GET /api/subjectdependency/subject/4 HTTP/1.1" 200 139 10
0:0:0:0:0:0:0:1 - - [14/Apr/2017:21:36:42 +0200] "GET /api/subjects/4 HTTP/1.1" 200 98 15
0:0:0:0:0:0:0:1 - - [14/Apr/2017:21:36:42 +0200] "GET /api/subjects/4/available HTTP/1.1" 200 76 25
0:0:0:0:0:0:0:1 - - [14/Apr/2017:21:36:42 +0200] "GET /api/students HTTP/1.1" 200 580 8
0:0:0:0:0:0:0:1 - - [14/Apr/2017:21:36:42 +0200] "GET /api/subjects/4/duties HTTP/1.1" 200 12 9
0:0:0:0:0:0:0:1 - - [14/Apr/2017:21:36:42 +0200] "GET /api/subjects/4/students HTTP/1.1" 200 296 44
0:0:0:0:0:0:0:1 - - [14/Apr/2017:21:36:42 +0200] "GET /api/professors HTTP/1.1" 200 353 9
0:0:0:0:0:0:0:1 - - [14/Apr/2017:21:36:42 +0200] "GET /api/professorRoles/subjects/4 HTTP/1.1" 200 12 13
0:0:0:0:0:0:0:1 - - [14/Apr/2017:21:36:46 +0200] "POST /api/subjects/4/students HTTP/1.1" 500 200 245
0:0:0:0:0:0:0:1 - - [14/Apr/2017:21:36:48 +0200] "GET / HTTP/1.1" 304 - 6
0:0:0:0:0:0:0:1 - - [14/Apr/2017:21:36:48 +0200] "GET /static/styles/app.css HTTP/1.1" 304 - 8
0:0:0:0:0:0:0:1 - - [14/Apr/2017:21:36:48 +0200] "GET /static/styles/font-awesome.css HTTP/1.1" 304 - 3
0:0:0:0:0:0:0:1 - - [14/Apr/2017:21:36:48 +0200] "GET /static/scripts/controllers/StudentController.js HTTP/1.1" 304 - 4
0:0:0:0:0:0:0:1 - - [14/Apr/2017:21:36:48 +0200] "GET /static/translations/gb.json HTTP/1.1" 304 - 4
0:0:0:0:0:0:0:1 - - [14/Apr/2017:21:36:48 +0200] "GET /api/subjectdependency/subject/4 HTTP/1.1" 200 139 8
0:0:0:0:0:0:0:1 - - [14/Apr/2017:21:36:48 +0200] "GET /api/subjects/4 HTTP/1.1" 200 98 12
0:0:0:0:0:0:0:1 - - [14/Apr/2017:21:36:48 +0200] "GET /api/subjects/4/available HTTP/1.1" 200 76 34
0:0:0:0:0:0:0:1 - - [14/Apr/2017:21:36:48 +0200] "GET /api/students HTTP/1.1" 200 580 11
0:0:0:0:0:0:0:1 - - [14/Apr/2017:21:36:48 +0200] "GET /api/subjects/4/students HTTP/1.1" 200 12 42
0:0:0:0:0:0:0:1 - - [14/Apr/2017:21:36:48 +0200] "GET /api/subjects/4/duties HTTP/1.1" 200 12 11
0:0:0:0:0:0:0:1 - - [14/Apr/2017:21:36:48 +0200] "GET /api/professorRoles/subjects/4 HTTP/1.1" 200 12 15
0:0:0:0:0:0:0:1 - - [14/Apr/2017:21:36:48 +0200] "GET /api/professors HTTP/1.1" 200 353 32
0:0:0:0:0:0:0:1 - - [14/Apr/2017:21:36:49 +0200] "GET / HTTP/1.1" 304 - 6
0:0:0:0:0:0:0:1 - - [14/Apr/2017:21:36:50 +0200] "GET /api/subjectdependency/subject/4 HTTP/1.1" 200 139 12
0:0:0:0:0:0:0:1 - - [14/Apr/2017:21:36:50 +0200] "GET /api/subjects/4 HTTP/1.1" 200 98 20
0:0:0:0:0:0:0:1 - - [14/Apr/2017:21:36:50 +0200] "GET /api/subjects/4/available HTTP/1.1" 200 76 31
0:0:0:0:0:0:0:1 - - [14/Apr/2017:21:36:50 +0200] "GET /api/subjects/4/students HTTP/1.1" 200 12 8
0:0:0:0:0:0:0:1 - - [14/Apr/2017:21:36:50 +0200] "GET /api/students HTTP/1.1" 200 580 11
0:0:0:0:0:0:0:1 - - [14/Apr/2017:21:36:50 +0200] "GET /api/professors HTTP/1.1" 200 353 6
0:0:0:0:0:0:0:1 - - [14/Apr/2017:21:36:50 +0200] "GET /api/professorRoles/subjects/4 HTTP/1.1" 200 12 15
0:0:0:0:0:0:0:1 - - [14/Apr/2017:21:36:50 +0200] "GET /api/subjects/4/duties HTTP/1.1" 200 12 39
0:0:0:0:0:0:0:1 - - [14/Apr/2017:21:36:51 +0200] "GET /api/students/count HTTP/1.1" 200 11 10
0:0:0:0:0:0:0:1 - - [14/Apr/2017:21:36:51 +0200] "GET /api/students?page=0&size=20 HTTP/1.1" 200 580 16
0:0:0:0:0:0:0:1 - - [14/Apr/2017:21:36:51 +0200] "GET /api/students/search?size=20 HTTP/1.1" 200 12 11
0:0:0:0:0:0:0:1 - - [14/Apr/2017:21:36:51 +0200] "GET /api/students?page=0&size=20 HTTP/1.1" 200 580 11
0:0:0:0:0:0:0:1 - - [14/Apr/2017:21:36:52 +0200] "GET /static/views/student.html HTTP/1.1" 304 - 4
0:0:0:0:0:0:0:1 - - [14/Apr/2017:21:36:52 +0200] "GET /api/students/2 HTTP/1.1" 200 294 11
0:0:0:0:0:0:0:1 - - [14/Apr/2017:21:36:52 +0200] "GET /api/students/2/files HTTP/1.1" 200 109 12
0:0:0:0:0:0:0:1 - - [14/Apr/2017:21:36:52 +0200] "GET /api/students/2/exams HTTP/1.1" 200 529 12
0:0:0:0:0:0:0:1 - - [14/Apr/2017:21:36:52 +0200] "GET /api/students/2/subjects HTTP/1.1" 200 105 29
0:0:0:0:0:0:0:1 - - [14/Apr/2017:21:36:52 +0200] "GET /api/students/2/payments HTTP/1.1" 200 397 39
0:0:0:0:0:0:0:1 - - [14/Apr/2017:21:36:52 +0200] "GET /api/studentsubject/student/2 HTTP/1.1" 200 890 56
0:0:0:0:0:0:0:1 - - [14/Apr/2017:21:36:52 +0200] "GET /%7B%7Buser.picturePath%7D%7D HTTP/1.1" 404 152 7
0:0:0:0:0:0:0:1 - - [14/Apr/2017:21:36:59 +0200] "GET / HTTP/1.1" 304 - 4
0:0:0:0:0:0:0:1 - - [14/Apr/2017:21:36:59 +0200] "GET /api/studentsubject/student/2 HTTP/1.1" 200 890 14
0:0:0:0:0:0:0:1 - - [14/Apr/2017:21:36:59 +0200] "GET /api/students/2 HTTP/1.1" 200 294 19
0:0:0:0:0:0:0:1 - - [14/Apr/2017:21:36:59 +0200] "GET /api/students/2/subjects HTTP/1.1" 200 105 12
0:0:0:0:0:0:0:1 - - [14/Apr/2017:21:36:59 +0200] "GET /api/students/2/files HTTP/1.1" 200 109 20
0:0:0:0:0:0:0:1 - - [14/Apr/2017:21:36:59 +0200] "GET /api/students/2/payments HTTP/1.1" 200 397 8
0:0:0:0:0:0:0:1 - - [14/Apr/2017:21:36:59 +0200] "GET /api/students/2/exams HTTP/1.1" 200 529 10
0:0:0:0:0:0:0:1 - - [14/Apr/2017:21:36:59 +0200] "GET /%7B%7Buser.picturePath%7D%7D HTTP/1.1" 404 152 8
0:0:0:0:0:0:0:1 - - [14/Apr/2017:21:37:00 +0200] "GET / HTTP/1.1" 304 - 5
0:0:0:0:0:0:0:1 - - [14/Apr/2017:21:37:00 +0200] "GET /api/students/2 HTTP/1.1" 200 294 10
0:0:0:0:0:0:0:1 - - [14/Apr/2017:21:37:00 +0200] "GET /api/students/2/files HTTP/1.1" 200 109 7
0:0:0:0:0:0:0:1 - - [14/Apr/2017:21:37:00 +0200] "GET /api/students/2/subjects HTTP/1.1" 200 105 16
0:0:0:0:0:0:0:1 - - [14/Apr/2017:21:37:00 +0200] "GET /api/studentsubject/student/2 HTTP/1.1" 200 890 37
0:0:0:0:0:0:0:1 - - [14/Apr/2017:21:37:00 +0200] "GET /api/students/2/payments HTTP/1.1" 200 397 14
0:0:0:0:0:0:0:1 - - [14/Apr/2017:21:37:00 +0200] "GET /api/students/2/exams HTTP/1.1" 200 529 14
0:0:0:0:0:0:0:1 - - [14/Apr/2017:21:37:00 +0200] "GET /%7B%7Buser.picturePath%7D%7D HTTP/1.1" 404 152 4
0:0:0:0:0:0:0:1 - - [14/Apr/2017:21:37:01 +0200] "GET /api/subjects HTTP/1.1" 200 257 10
0:0:0:0:0:0:0:1 - - [14/Apr/2017:21:37:02 +0200] "GET /api/subjects/4 HTTP/1.1" 200 98 10
0:0:0:0:0:0:0:1 - - [14/Apr/2017:21:37:02 +0200] "GET /api/subjects/4/available HTTP/1.1" 200 76 21
0:0:0:0:0:0:0:1 - - [14/Apr/2017:21:37:03 +0200] "GET /api/subjects/4/students HTTP/1.1" 200 12 7
0:0:0:0:0:0:0:1 - - [14/Apr/2017:21:37:03 +0200] "GET /api/subjectdependency/subject/4 HTTP/1.1" 200 139 38
0:0:0:0:0:0:0:1 - - [14/Apr/2017:21:37:03 +0200] "GET /api/students HTTP/1.1" 200 580 9
0:0:0:0:0:0:0:1 - - [14/Apr/2017:21:37:03 +0200] "GET /api/subjects/4/duties HTTP/1.1" 200 12 8
0:0:0:0:0:0:0:1 - - [14/Apr/2017:21:37:03 +0200] "GET /api/professors HTTP/1.1" 200 353 7
0:0:0:0:0:0:0:1 - - [14/Apr/2017:21:37:03 +0200] "GET /api/professorRoles/subjects/4 HTTP/1.1" 200 12 10
0:0:0:0:0:0:0:1 - - [14/Apr/2017:21:43:39 +0200] "GET /api/students/count HTTP/1.1" 200 11 9
0:0:0:0:0:0:0:1 - - [14/Apr/2017:21:43:39 +0200] "GET /api/students?page=0&size=20 HTTP/1.1" 200 580 16
0:0:0:0:0:0:0:1 - - [14/Apr/2017:21:43:39 +0200] "GET /api/students/search?size=20 HTTP/1.1" 200 12 6
0:0:0:0:0:0:0:1 - - [14/Apr/2017:21:43:39 +0200] "GET /api/students?page=0&size=20 HTTP/1.1" 200 580 9
0:0:0:0:0:0:0:1 - - [14/Apr/2017:21:43:40 +0200] "GET /api/studentsubject/student/2 HTTP/1.1" 200 890 15
0:0:0:0:0:0:0:1 - - [14/Apr/2017:21:43:40 +0200] "GET /api/students/2 HTTP/1.1" 200 294 26
0:0:0:0:0:0:0:1 - - [14/Apr/2017:21:43:40 +0200] "GET /api/students/2/files HTTP/1.1" 200 109 8
0:0:0:0:0:0:0:1 - - [14/Apr/2017:21:43:40 +0200] "GET /api/students/2/subjects HTTP/1.1" 200 105 15
0:0:0:0:0:0:0:1 - - [14/Apr/2017:21:43:40 +0200] "GET /api/students/2/payments HTTP/1.1" 200 397 11
0:0:0:0:0:0:0:1 - - [14/Apr/2017:21:43:40 +0200] "GET /api/students/2/exams HTTP/1.1" 200 529 13
0:0:0:0:0:0:0:1 - - [14/Apr/2017:21:43:40 +0200] "GET /%7B%7Buser.picturePath%7D%7D HTTP/1.1" 404 152 6
0:0:0:0:0:0:0:1 - - [14/Apr/2017:21:49:12 +0200] "GET /api/subjects HTTP/1.1" 200 257 11
0:0:0:0:0:0:0:1 - - [14/Apr/2017:21:49:13 +0200] "GET /api/subjectdependency/subject/3 HTTP/1.1" 200 296 11
0:0:0:0:0:0:0:1 - - [14/Apr/2017:21:49:13 +0200] "GET /api/subjects/3 HTTP/1.1" 200 103 16
0:0:0:0:0:0:0:1 - - [14/Apr/2017:21:49:13 +0200] "GET /api/subjects/3/available HTTP/1.1" 200 12 20
0:0:0:0:0:0:0:1 - - [14/Apr/2017:21:49:13 +0200] "GET /api/students HTTP/1.1" 200 580 10
0:0:0:0:0:0:0:1 - - [14/Apr/2017:21:49:13 +0200] "GET /api/subjects/3/students HTTP/1.1" 200 296 49
0:0:0:0:0:0:0:1 - - [14/Apr/2017:21:49:13 +0200] "GET /api/professors HTTP/1.1" 200 353 7
0:0:0:0:0:0:0:1 - - [14/Apr/2017:21:49:13 +0200] "GET /api/professorRoles/subjects/3 HTTP/1.1" 200 12 15
0:0:0:0:0:0:0:1 - - [14/Apr/2017:21:49:13 +0200] "GET /api/subjects/3/duties HTTP/1.1" 200 366 56
0:0:0:0:0:0:0:1 - - [14/Apr/2017:21:49:17 +0200] "POST /api/subjects/3/students HTTP/1.1" 500 200 86
0:0:0:0:0:0:0:1 - - [14/Apr/2017:21:49:24 +0200] "GET / HTTP/1.1" 304 - 5
0:0:0:0:0:0:0:1 - - [14/Apr/2017:21:49:24 +0200] "GET /static/styles/app.css HTTP/1.1" 304 - 4
0:0:0:0:0:0:0:1 - - [14/Apr/2017:21:49:24 +0200] "GET /static/styles/font-awesome.css HTTP/1.1" 304 - 5
0:0:0:0:0:0:0:1 - - [14/Apr/2017:21:49:24 +0200] "GET /static/scripts/controllers/StudentController.js HTTP/1.1" 304 - 4
0:0:0:0:0:0:0:1 - - [14/Apr/2017:21:49:25 +0200] "GET /static/translations/gb.json HTTP/1.1" 304 - 5
0:0:0:0:0:0:0:1 - - [14/Apr/2017:21:49:25 +0200] "GET /api/subjects/3 HTTP/1.1" 200 103 10
0:0:0:0:0:0:0:1 - - [14/Apr/2017:21:49:25 +0200] "GET /api/subjects/3/available HTTP/1.1" 200 12 34
0:0:0:0:0:0:0:1 - - [14/Apr/2017:21:49:25 +0200] "GET /api/subjects/3/students HTTP/1.1" 200 12 38
0:0:0:0:0:0:0:1 - - [14/Apr/2017:21:49:25 +0200] "GET /api/subjectdependency/subject/3 HTTP/1.1" 200 296 58
0:0:0:0:0:0:0:1 - - [14/Apr/2017:21:49:25 +0200] "GET /api/students HTTP/1.1" 200 580 8
0:0:0:0:0:0:0:1 - - [14/Apr/2017:21:49:25 +0200] "GET /api/subjects/3/duties HTTP/1.1" 200 366 9
0:0:0:0:0:0:0:1 - - [14/Apr/2017:21:49:25 +0200] "GET /api/professors HTTP/1.1" 200 353 7
0:0:0:0:0:0:0:1 - - [14/Apr/2017:21:49:25 +0200] "GET /api/professorRoles/subjects/3 HTTP/1.1" 200 12 16
0:0:0:0:0:0:0:1 - - [14/Apr/2017:21:49:27 +0200] "GET /api/students/count HTTP/1.1" 200 11 7
0:0:0:0:0:0:0:1 - - [14/Apr/2017:21:49:27 +0200] "GET /api/students/search?size=20 HTTP/1.1" 200 12 4
0:0:0:0:0:0:0:1 - - [14/Apr/2017:21:49:27 +0200] "GET /api/students?page=0&size=20 HTTP/1.1" 200 580 29
0:0:0:0:0:0:0:1 - - [14/Apr/2017:21:49:27 +0200] "GET /api/students?page=0&size=20 HTTP/1.1" 200 580 34
0:0:0:0:0:0:0:1 - - [14/Apr/2017:21:49:28 +0200] "GET /static/views/student.html HTTP/1.1" 304 - 4
0:0:0:0:0:0:0:1 - - [14/Apr/2017:21:49:28 +0200] "GET /api/students/2 HTTP/1.1" 200 294 24
0:0:0:0:0:0:0:1 - - [14/Apr/2017:21:49:28 +0200] "GET /api/students/2/files HTTP/1.1" 200 109 9
0:0:0:0:0:0:0:1 - - [14/Apr/2017:21:49:28 +0200] "GET /api/studentsubject/student/2 HTTP/1.1" 200 890 36
0:0:0:0:0:0:0:1 - - [14/Apr/2017:21:49:28 +0200] "GET /api/students/2/payments HTTP/1.1" 200 397 11
0:0:0:0:0:0:0:1 - - [14/Apr/2017:21:49:28 +0200] "GET /api/students/2/subjects HTTP/1.1" 200 12 17
0:0:0:0:0:0:0:1 - - [14/Apr/2017:21:49:28 +0200] "GET /api/students/2/exams HTTP/1.1" 200 529 10
0:0:0:0:0:0:0:1 - - [14/Apr/2017:21:49:28 +0200] "GET /%7B%7Buser.picturePath%7D%7D HTTP/1.1" 404 152 4
0:0:0:0:0:0:0:1 - - [14/Apr/2017:21:51:11 +0200] "GET /api/students?page=0&size=20 HTTP/1.1" 200 580 22
0:0:0:0:0:0:0:1 - - [14/Apr/2017:21:51:11 +0200] "GET /api/students/search?size=20 HTTP/1.1" 200 12 7
0:0:0:0:0:0:0:1 - - [14/Apr/2017:21:51:11 +0200] "GET /api/students/count HTTP/1.1" 200 11 42
0:0:0:0:0:0:0:1 - - [14/Apr/2017:21:51:11 +0200] "GET /api/students?page=0&size=20 HTTP/1.1" 200 580 14
0:0:0:0:0:0:0:1 - - [14/Apr/2017:21:51:12 +0200] "GET /api/students/4 HTTP/1.1" 200 295 9
0:0:0:0:0:0:0:1 - - [14/Apr/2017:21:51:12 +0200] "GET /api/students/4/files HTTP/1.1" 200 12 7
0:0:0:0:0:0:0:1 - - [14/Apr/2017:21:51:12 +0200] "GET /api/studentsubject/student/4 HTTP/1.1" 200 455 70
0:0:0:0:0:0:0:1 - - [14/Apr/2017:21:51:12 +0200] "GET /api/students/4/payments HTTP/1.1" 200 12 13
0:0:0:0:0:0:0:1 - - [14/Apr/2017:21:51:12 +0200] "GET /api/students/4/subjects HTTP/1.1" 200 12 35
0:0:0:0:0:0:0:1 - - [14/Apr/2017:21:51:12 +0200] "GET /api/students/4/exams HTTP/1.1" 200 12 11
0:0:0:0:0:0:0:1 - - [14/Apr/2017:21:51:12 +0200] "GET /%7B%7Buser.picturePath%7D%7D HTTP/1.1" 404 152 20
0:0:0:0:0:0:0:1 - - [14/Apr/2017:21:51:12 +0200] "GET /resources/profileImages/1490641869208_Sasuke_Uchiha.png HTTP/1.1" 200 833317 31
0:0:0:0:0:0:0:1 - - [14/Apr/2017:21:51:14 +0200] "GET /api/subjectdependency/subject/3 HTTP/1.1" 200 296 20
0:0:0:0:0:0:0:1 - - [14/Apr/2017:21:51:14 +0200] "GET /api/subjects/3 HTTP/1.1" 200 103 31
0:0:0:0:0:0:0:1 - - [14/Apr/2017:21:51:14 +0200] "GET /api/subjects/3/available HTTP/1.1" 200 12 27
0:0:0:0:0:0:0:1 - - [14/Apr/2017:21:51:14 +0200] "GET /api/subjects/3/students HTTP/1.1" 200 12 12
0:0:0:0:0:0:0:1 - - [14/Apr/2017:21:51:14 +0200] "GET /api/students HTTP/1.1" 200 580 13
0:0:0:0:0:0:0:1 - - [14/Apr/2017:21:51:14 +0200] "GET /api/subjects/3/duties HTTP/1.1" 200 366 10
0:0:0:0:0:0:0:1 - - [14/Apr/2017:21:51:14 +0200] "GET /api/professorRoles/subjects/3 HTTP/1.1" 200 12 10
0:0:0:0:0:0:0:1 - - [14/Apr/2017:21:51:14 +0200] "GET /api/professors HTTP/1.1" 200 353 30
0:0:0:0:0:0:0:1 - - [14/Apr/2017:21:51:16 +0200] "GET /api/students?page=0&size=20 HTTP/1.1" 200 580 10
0:0:0:0:0:0:0:1 - - [14/Apr/2017:21:51:16 +0200] "GET /api/students/count HTTP/1.1" 200 11 17
0:0:0:0:0:0:0:1 - - [14/Apr/2017:21:51:16 +0200] "GET /api/students/search?size=20 HTTP/1.1" 200 12 5
0:0:0:0:0:0:0:1 - - [14/Apr/2017:21:51:16 +0200] "GET /api/students?page=0&size=20 HTTP/1.1" 200 580 8
0:0:0:0:0:0:0:1 - - [14/Apr/2017:21:57:58 +0200] "GET / HTTP/1.1" 304 - 366
0:0:0:0:0:0:0:1 - - [14/Apr/2017:21:57:58 +0200] "GET /static/styles/font-awesome.css HTTP/1.1" 304 - 13
0:0:0:0:0:0:0:1 - - [14/Apr/2017:21:57:58 +0200] "GET /static/scripts/controllers/StudentController.js HTTP/1.1" 304 - 41
0:0:0:0:0:0:0:1 - - [14/Apr/2017:21:57:58 +0200] "GET /static/styles/app.css HTTP/1.1" 304 - 37
0:0:0:0:0:0:0:1 - - [14/Apr/2017:21:57:58 +0200] "GET /static/translations/gb.json HTTP/1.1" 304 - 73
0:0:0:0:0:0:0:1 - - [14/Apr/2017:21:58:00 +0200] "GET /api/students/search?size=20 HTTP/1.1" 200 12 1194
0:0:0:0:0:0:0:1 - - [14/Apr/2017:21:58:00 +0200] "GET /api/students/count HTTP/1.1" 200 11 1271
0:0:0:0:0:0:0:1 - - [14/Apr/2017:21:58:00 +0200] "GET /api/students?page=0&size=20 HTTP/1.1" 200 580 1311
0:0:0:0:0:0:0:1 - - [14/Apr/2017:21:58:00 +0200] "GET /api/students?page=0&size=20 HTTP/1.1" 200 580 25
0:0:0:0:0:0:0:1 - - [14/Apr/2017:21:58:01 +0200] "GET /static/views/student.html HTTP/1.1" 304 - 32
0:0:0:0:0:0:0:1 - - [14/Apr/2017:21:58:01 +0200] "GET /api/students/2 HTTP/1.1" 200 294 43
0:0:0:0:0:0:0:1 - - [14/Apr/2017:21:58:01 +0200] "GET /api/students/2/subjects HTTP/1.1" 200 12 68
0:0:0:0:0:0:0:1 - - [14/Apr/2017:21:58:01 +0200] "GET /api/students/2/payments HTTP/1.1" 200 397 28
0:0:0:0:0:0:0:1 - - [14/Apr/2017:21:58:01 +0200] "GET /api/studentsubject/student/2 HTTP/1.1" 200 12 168
0:0:0:0:0:0:0:1 - - [14/Apr/2017:21:58:01 +0200] "GET /api/students/2/exams HTTP/1.1" 200 529 64
0:0:0:0:0:0:0:1 - - [14/Apr/2017:21:58:01 +0200] "GET /%7B%7Buser.picturePath%7D%7D HTTP/1.1" 404 152 67
0:0:0:0:0:0:0:1 - - [14/Apr/2017:21:58:01 +0200] "GET /api/students/2/files HTTP/1.1" 200 109 189
0:0:0:0:0:0:0:1 - - [14/Apr/2017:21:58:08 +0200] "GET /api/students/count HTTP/1.1" 200 11 11
0:0:0:0:0:0:0:1 - - [14/Apr/2017:21:58:08 +0200] "GET /api/students/search?size=20 HTTP/1.1" 200 12 9
0:0:0:0:0:0:0:1 - - [14/Apr/2017:21:58:08 +0200] "GET /api/students?page=0&size=20 HTTP/1.1" 200 580 39
0:0:0:0:0:0:0:1 - - [14/Apr/2017:21:58:08 +0200] "GET /api/students?page=0&size=20 HTTP/1.1" 200 580 20
0:0:0:0:0:0:0:1 - - [14/Apr/2017:21:58:09 +0200] "GET /api/students/4 HTTP/1.1" 200 295 27
0:0:0:0:0:0:0:1 - - [14/Apr/2017:21:58:09 +0200] "GET /api/studentsubject/student/4 HTTP/1.1" 200 12 52
0:0:0:0:0:0:0:1 - - [14/Apr/2017:21:58:09 +0200] "GET /api/students/4/payments HTTP/1.1" 200 12 74
0:0:0:0:0:0:0:1 - - [14/Apr/2017:21:58:09 +0200] "GET /api/students/4/exams HTTP/1.1" 200 12 65
0:0:0:0:0:0:0:1 - - [14/Apr/2017:21:58:09 +0200] "GET /api/students/4/subjects HTTP/1.1" 200 12 96
0:0:0:0:0:0:0:1 - - [14/Apr/2017:21:58:09 +0200] "GET /api/students/4/files HTTP/1.1" 200 12 116
0:0:0:0:0:0:0:1 - - [14/Apr/2017:21:58:09 +0200] "GET /%7B%7Buser.picturePath%7D%7D HTTP/1.1" 404 152 11
0:0:0:0:0:0:0:1 - - [14/Apr/2017:21:58:12 +0200] "GET /api/professors HTTP/1.1" 200 353 21
0:0:0:0:0:0:0:1 - - [14/Apr/2017:21:58:13 +0200] "GET /api/subjects HTTP/1.1" 200 257 28
0:0:0:0:0:0:0:1 - - [14/Apr/2017:21:58:23 +0200] "GET /api/subjects/4/available HTTP/1.1" 200 76 63
0:0:0:0:0:0:0:1 - - [14/Apr/2017:21:58:23 +0200] "GET /api/subjects/4/students HTTP/1.1" 200 12 13
0:0:0:0:0:0:0:1 - - [14/Apr/2017:21:58:23 +0200] "GET /api/subjects/4 HTTP/1.1" 200 98 87
0:0:0:0:0:0:0:1 - - [14/Apr/2017:21:58:23 +0200] "GET /api/subjectdependency/subject/4 HTTP/1.1" 200 139 63
0:0:0:0:0:0:0:1 - - [14/Apr/2017:21:58:23 +0200] "GET /api/students HTTP/1.1" 200 580 36
0:0:0:0:0:0:0:1 - - [14/Apr/2017:21:58:23 +0200] "GET /api/subjects/4/duties HTTP/1.1" 200 12 21
0:0:0:0:0:0:0:1 - - [14/Apr/2017:21:58:24 +0200] "GET /api/professorRoles/subjects/4 HTTP/1.1" 200 12 34
0:0:0:0:0:0:0:1 - - [14/Apr/2017:21:58:24 +0200] "GET /api/professors HTTP/1.1" 200 353 52
0:0:0:0:0:0:0:1 - - [14/Apr/2017:21:58:27 +0200] "POST /api/subjects/4/students HTTP/1.1" 200 - 331
0:0:0:0:0:0:0:1 - - [14/Apr/2017:21:58:56 +0200] "GET /api/professors HTTP/1.1" 200 353 11
0:0:0:0:0:0:0:1 - - [14/Apr/2017:21:58:56 +0200] "GET /api/subjects HTTP/1.1" 200 257 15
0:0:0:0:0:0:0:1 - - [14/Apr/2017:21:58:57 +0200] "GET /api/subjects/3 HTTP/1.1" 200 103 23
0:0:0:0:0:0:0:1 - - [14/Apr/2017:21:58:57 +0200] "GET /api/subjects/3/students HTTP/1.1" 200 12 13
0:0:0:0:0:0:0:1 - - [14/Apr/2017:21:58:57 +0200] "GET /api/subjects/3/available HTTP/1.1" 200 12 22
0:0:0:0:0:0:0:1 - - [14/Apr/2017:21:58:57 +0200] "GET /api/subjects/3/duties HTTP/1.1" 200 366 11
0:0:0:0:0:0:0:1 - - [14/Apr/2017:21:58:57 +0200] "GET /api/students HTTP/1.1" 200 580 18
0:0:0:0:0:0:0:1 - - [14/Apr/2017:21:58:57 +0200] "GET /api/subjectdependency/subject/3 HTTP/1.1" 200 296 93
0:0:0:0:0:0:0:1 - - [14/Apr/2017:21:58:57 +0200] "GET /api/professorRoles/subjects/3 HTTP/1.1" 200 12 34
0:0:0:0:0:0:0:1 - - [14/Apr/2017:21:58:57 +0200] "GET /api/professors HTTP/1.1" 200 353 41
0:0:0:0:0:0:0:1 - - [14/Apr/2017:21:58:58 +0200] "GET /api/students?page=0&size=20 HTTP/1.1" 200 580 16
0:0:0:0:0:0:0:1 - - [14/Apr/2017:21:58:58 +0200] "GET /api/students/count HTTP/1.1" 200 11 20
0:0:0:0:0:0:0:1 - - [14/Apr/2017:21:58:58 +0200] "GET /api/students/search?size=20 HTTP/1.1" 200 12 8
0:0:0:0:0:0:0:1 - - [14/Apr/2017:21:58:58 +0200] "GET /api/students?page=0&size=20 HTTP/1.1" 200 580 26
0:0:0:0:0:0:0:1 - - [14/Apr/2017:21:58:59 +0200] "GET /api/students/2 HTTP/1.1" 200 294 14
0:0:0:0:0:0:0:1 - - [14/Apr/2017:21:58:59 +0200] "GET /api/studentsubject/student/2 HTTP/1.1" 200 449 32
0:0:0:0:0:0:0:1 - - [14/Apr/2017:21:58:59 +0200] "GET /api/students/2/files HTTP/1.1" 200 109 28
0:0:0:0:0:0:0:1 - - [14/Apr/2017:21:58:59 +0200] "GET /api/students/2/subjects HTTP/1.1" 200 100 39
0:0:0:0:0:0:0:1 - - [14/Apr/2017:21:58:59 +0200] "GET /%7B%7Buser.picturePath%7D%7D HTTP/1.1" 404 152 10
0:0:0:0:0:0:0:1 - - [14/Apr/2017:21:58:59 +0200] "GET /api/students/2/payments HTTP/1.1" 200 397 59
0:0:0:0:0:0:0:1 - - [14/Apr/2017:21:58:59 +0200] "GET /api/students/2/exams HTTP/1.1" 200 529 42
0:0:0:0:0:0:0:1 - - [14/Apr/2017:21:59:02 +0200] "GET /api/professors HTTP/1.1" 200 353 22
0:0:0:0:0:0:0:1 - - [14/Apr/2017:21:59:02 +0200] "GET /api/subjects HTTP/1.1" 200 257 8
0:0:0:0:0:0:0:1 - - [14/Apr/2017:21:59:04 +0200] "GET /api/subjects/3 HTTP/1.1" 200 103 12
0:0:0:0:0:0:0:1 - - [14/Apr/2017:21:59:04 +0200] "GET /api/subjects/3/students HTTP/1.1" 200 12 7
0:0:0:0:0:0:0:1 - - [14/Apr/2017:21:59:04 +0200] "GET /api/students HTTP/1.1" 200 580 18
0:0:0:0:0:0:0:1 - - [14/Apr/2017:21:59:04 +0200] "GET /api/subjects/3/duties HTTP/1.1" 200 366 18
0:0:0:0:0:0:0:1 - - [14/Apr/2017:21:59:04 +0200] "GET /api/professors HTTP/1.1" 200 353 13
0:0:0:0:0:0:0:1 - - [14/Apr/2017:21:59:04 +0200] "GET /api/subjectdependency/subject/3 HTTP/1.1" 200 296 123
0:0:0:0:0:0:0:1 - - [14/Apr/2017:21:59:04 +0200] "GET /api/subjects/3/available HTTP/1.1" 200 12 171
0:0:0:0:0:0:0:1 - - [14/Apr/2017:21:59:04 +0200] "GET /api/professorRoles/subjects/3 HTTP/1.1" 200 12 93
0:0:0:0:0:0:0:1 - - [14/Apr/2017:21:59:12 +0200] "POST /api/subjects/3/students HTTP/1.1" 500 195 106
0:0:0:0:0:0:0:1 - - [14/Apr/2017:21:59:23 +0200] "GET / HTTP/1.1" 304 - 9
0:0:0:0:0:0:0:1 - - [14/Apr/2017:21:59:23 +0200] "GET /api/subjects/3 HTTP/1.1" 200 103 24
0:0:0:0:0:0:0:1 - - [14/Apr/2017:21:59:23 +0200] "GET /api/subjects/3/students HTTP/1.1" 200 296 13
0:0:0:0:0:0:0:1 - - [14/Apr/2017:21:59:23 +0200] "GET /api/students HTTP/1.1" 200 580 8
0:0:0:0:0:0:0:1 - - [14/Apr/2017:21:59:23 +0200] "GET /api/subjects/3/duties HTTP/1.1" 200 366 12
0:0:0:0:0:0:0:1 - - [14/Apr/2017:21:59:23 +0200] "GET /api/subjects/3/available HTTP/1.1" 200 12 39
0:0:0:0:0:0:0:1 - - [14/Apr/2017:21:59:23 +0200] "GET /api/professors HTTP/1.1" 200 353 7
0:0:0:0:0:0:0:1 - - [14/Apr/2017:21:59:23 +0200] "GET /api/subjectdependency/subject/3 HTTP/1.1" 200 296 80
0:0:0:0:0:0:0:1 - - [14/Apr/2017:21:59:23 +0200] "GET /api/professorRoles/subjects/3 HTTP/1.1" 200 12 24
0:0:0:0:0:0:0:1 - - [14/Apr/2017:21:59:26 +0200] "GET /api/students?page=0&size=20 HTTP/1.1" 200 580 11
0:0:0:0:0:0:0:1 - - [14/Apr/2017:21:59:26 +0200] "GET /api/students/count HTTP/1.1" 200 11 18
0:0:0:0:0:0:0:1 - - [14/Apr/2017:21:59:26 +0200] "GET /api/students/search?size=20 HTTP/1.1" 200 12 6
0:0:0:0:0:0:0:1 - - [14/Apr/2017:21:59:26 +0200] "GET /api/students?page=0&size=20 HTTP/1.1" 200 580 13
0:0:0:0:0:0:0:1 - - [14/Apr/2017:21:59:26 +0200] "GET /api/students/2 HTTP/1.1" 200 294 18
0:0:0:0:0:0:0:1 - - [14/Apr/2017:21:59:26 +0200] "GET /api/studentsubject/student/2 HTTP/1.1" 200 449 25
0:0:0:0:0:0:0:1 - - [14/Apr/2017:21:59:26 +0200] "GET /api/students/2/files HTTP/1.1" 200 109 10
0:0:0:0:0:0:0:1 - - [14/Apr/2017:21:59:26 +0200] "GET /api/students/2/payments HTTP/1.1" 200 397 10
0:0:0:0:0:0:0:1 - - [14/Apr/2017:21:59:26 +0200] "GET /api/students/2/exams HTTP/1.1" 200 529 21
0:0:0:0:0:0:0:1 - - [14/Apr/2017:21:59:26 +0200] "GET /api/students/2/subjects HTTP/1.1" 200 193 49
0:0:0:0:0:0:0:1 - - [14/Apr/2017:21:59:26 +0200] "GET /%7B%7Buser.picturePath%7D%7D HTTP/1.1" 404 152 8
0:0:0:0:0:0:0:1 - - [14/Apr/2017:21:59:29 +0200] "GET /api/professors HTTP/1.1" 200 353 15
0:0:0:0:0:0:0:1 - - [14/Apr/2017:21:59:30 +0200] "GET /api/subjects HTTP/1.1" 200 257 15
0:0:0:0:0:0:0:1 - - [14/Apr/2017:21:59:31 +0200] "GET /api/subjectdependency/subject/3 HTTP/1.1" 200 296 14
0:0:0:0:0:0:0:1 - - [14/Apr/2017:21:59:31 +0200] "GET /api/subjects/3 HTTP/1.1" 200 103 19
0:0:0:0:0:0:0:1 - - [14/Apr/2017:21:59:31 +0200] "GET /api/subjects/3/students HTTP/1.1" 200 296 12
0:0:0:0:0:0:0:1 - - [14/Apr/2017:21:59:31 +0200] "GET /api/subjects/3/available HTTP/1.1" 200 12 32
0:0:0:0:0:0:0:1 - - [14/Apr/2017:21:59:31 +0200] "GET /api/students HTTP/1.1" 200 580 9
0:0:0:0:0:0:0:1 - - [14/Apr/2017:21:59:31 +0200] "GET /api/professors HTTP/1.1" 200 353 10
0:0:0:0:0:0:0:1 - - [14/Apr/2017:21:59:31 +0200] "GET /api/professorRoles/subjects/3 HTTP/1.1" 200 12 21
0:0:0:0:0:0:0:1 - - [14/Apr/2017:21:59:31 +0200] "GET /api/subjects/3/duties HTTP/1.1" 200 366 48
0:0:0:0:0:0:0:1 - - [14/Apr/2017:22:00:58 +0200] "POST /api/subjects/3/students HTTP/1.1" 500 318 101
0:0:0:0:0:0:0:1 - - [14/Apr/2017:22:01:38 +0200] "GET /api/professors HTTP/1.1" 200 353 16
0:0:0:0:0:0:0:1 - - [14/Apr/2017:22:01:39 +0200] "GET /api/students?page=0&size=20 HTTP/1.1" 200 580 15
0:0:0:0:0:0:0:1 - - [14/Apr/2017:22:01:39 +0200] "GET /api/students/count HTTP/1.1" 200 11 9
0:0:0:0:0:0:0:1 - - [14/Apr/2017:22:01:39 +0200] "GET /api/students/search?size=20 HTTP/1.1" 200 12 6
0:0:0:0:0:0:0:1 - - [14/Apr/2017:22:01:39 +0200] "GET /api/students?page=0&size=20 HTTP/1.1" 200 580 11
0:0:0:0:0:0:0:1 - - [14/Apr/2017:22:01:39 +0200] "GET /api/professors HTTP/1.1" 200 353 7
0:0:0:0:0:0:0:1 - - [14/Apr/2017:22:01:40 +0200] "GET /api/students/count HTTP/1.1" 200 11 15
0:0:0:0:0:0:0:1 - - [14/Apr/2017:22:01:40 +0200] "GET /api/students/search?size=20 HTTP/1.1" 200 12 5
0:0:0:0:0:0:0:1 - - [14/Apr/2017:22:01:40 +0200] "GET /api/students?page=0&size=20 HTTP/1.1" 200 580 33
0:0:0:0:0:0:0:1 - - [14/Apr/2017:22:01:40 +0200] "GET /api/students?page=0&size=20 HTTP/1.1" 200 580 8
0:0:0:0:0:0:0:1 - - [14/Apr/2017:22:01:40 +0200] "GET /api/students/2 HTTP/1.1" 200 294 21
0:0:0:0:0:0:0:1 - - [14/Apr/2017:22:01:41 +0200] "GET /api/studentsubject/student/2 HTTP/1.1" 200 449 21
0:0:0:0:0:0:0:1 - - [14/Apr/2017:22:01:41 +0200] "GET /api/students/2/payments HTTP/1.1" 200 397 14
0:0:0:0:0:0:0:1 - - [14/Apr/2017:22:01:41 +0200] "GET /api/students/2/exams HTTP/1.1" 200 529 12
0:0:0:0:0:0:0:1 - - [14/Apr/2017:22:01:41 +0200] "GET /api/students/2/files HTTP/1.1" 200 109 40
0:0:0:0:0:0:0:1 - - [14/Apr/2017:22:01:41 +0200] "GET /api/students/2/subjects HTTP/1.1" 200 100 40
0:0:0:0:0:0:0:1 - - [14/Apr/2017:22:01:41 +0200] "GET /%7B%7Buser.picturePath%7D%7D HTTP/1.1" 404 152 8
0:0:0:0:0:0:0:1 - - [14/Apr/2017:22:01:43 +0200] "GET /api/subjects HTTP/1.1" 200 257 12
0:0:0:0:0:0:0:1 - - [14/Apr/2017:22:01:44 +0200] "GET /api/subjectdependency/subject/4 HTTP/1.1" 200 139 13
0:0:0:0:0:0:0:1 - - [14/Apr/2017:22:01:44 +0200] "GET /api/subjects/4 HTTP/1.1" 200 98 22
0:0:0:0:0:0:0:1 - - [14/Apr/2017:22:01:44 +0200] "GET /api/subjects/4/available HTTP/1.1" 200 76 24
0:0:0:0:0:0:0:1 - - [14/Apr/2017:22:01:44 +0200] "GET /api/students HTTP/1.1" 200 580 27
0:0:0:0:0:0:0:1 - - [14/Apr/2017:22:01:44 +0200] "GET /api/subjects/4/duties HTTP/1.1" 200 12 26
0:0:0:0:0:0:0:1 - - [14/Apr/2017:22:01:44 +0200] "GET /api/professors HTTP/1.1" 200 353 13
0:0:0:0:0:0:0:1 - - [14/Apr/2017:22:01:44 +0200] "GET /api/subjects/4/students HTTP/1.1" 200 296 97
0:0:0:0:0:0:0:1 - - [14/Apr/2017:22:01:44 +0200] "GET /api/professorRoles/subjects/4 HTTP/1.1" 200 12 95
0:0:0:0:0:0:0:1 - - [14/Apr/2017:22:01:49 +0200] "GET /api/students?page=0&size=20 HTTP/1.1" 200 580 14
0:0:0:0:0:0:0:1 - - [14/Apr/2017:22:01:49 +0200] "GET /api/students/count HTTP/1.1" 200 11 14
0:0:0:0:0:0:0:1 - - [14/Apr/2017:22:01:49 +0200] "GET /api/students/search?size=20 HTTP/1.1" 200 12 9
0:0:0:0:0:0:0:1 - - [14/Apr/2017:22:01:49 +0200] "GET /api/students?page=0&size=20 HTTP/1.1" 200 580 14
0:0:0:0:0:0:0:1 - - [14/Apr/2017:22:01:50 +0200] "GET /api/students/2 HTTP/1.1" 200 294 9
0:0:0:0:0:0:0:1 - - [14/Apr/2017:22:01:50 +0200] "GET /api/studentsubject/student/2 HTTP/1.1" 200 449 16
0:0:0:0:0:0:0:1 - - [14/Apr/2017:22:01:50 +0200] "GET /api/students/2/files HTTP/1.1" 200 109 15
0:0:0:0:0:0:0:1 - - [14/Apr/2017:22:01:50 +0200] "GET /api/students/2/payments HTTP/1.1" 200 397 17
0:0:0:0:0:0:0:1 - - [14/Apr/2017:22:01:50 +0200] "GET /api/students/2/subjects HTTP/1.1" 200 100 69
0:0:0:0:0:0:0:1 - - [14/Apr/2017:22:01:50 +0200] "GET /%7B%7Buser.picturePath%7D%7D HTTP/1.1" 404 152 13
0:0:0:0:0:0:0:1 - - [14/Apr/2017:22:01:50 +0200] "GET /api/students/2/exams HTTP/1.1" 200 529 83
0:0:0:0:0:0:0:1 - - [14/Apr/2017:22:01:54 +0200] "GET /api/subjects HTTP/1.1" 200 257 13
0:0:0:0:0:0:0:1 - - [14/Apr/2017:22:01:55 +0200] "GET /api/subjects/3 HTTP/1.1" 200 103 10
0:0:0:0:0:0:0:1 - - [14/Apr/2017:22:01:55 +0200] "GET /api/subjectdependency/subject/3 HTTP/1.1" 200 296 13
0:0:0:0:0:0:0:1 - - [14/Apr/2017:22:01:55 +0200] "GET /api/subjects/3/students HTTP/1.1" 200 12 11
0:0:0:0:0:0:0:1 - - [14/Apr/2017:22:01:55 +0200] "GET /api/subjects/3/available HTTP/1.1" 200 12 39
0:0:0:0:0:0:0:1 - - [14/Apr/2017:22:01:55 +0200] "GET /api/subjects/3/duties HTTP/1.1" 200 366 13
0:0:0:0:0:0:0:1 - - [14/Apr/2017:22:01:55 +0200] "GET /api/professors HTTP/1.1" 200 353 8
0:0:0:0:0:0:0:1 - - [14/Apr/2017:22:01:55 +0200] "GET /api/professorRoles/subjects/3 HTTP/1.1" 200 12 14
0:0:0:0:0:0:0:1 - - [14/Apr/2017:22:01:55 +0200] "GET /api/students HTTP/1.1" 200 580 44
0:0:0:0:0:0:0:1 - - [14/Apr/2017:22:05:35 +0200] "GET / HTTP/1.1" 304 - 192
0:0:0:0:0:0:0:1 - - [14/Apr/2017:22:05:35 +0200] "GET /static/styles/font-awesome.css HTTP/1.1" 304 - 26
0:0:0:0:0:0:0:1 - - [14/Apr/2017:22:05:35 +0200] "GET /static/scripts/controllers/StudentController.js HTTP/1.1" 304 - 66
0:0:0:0:0:0:0:1 - - [14/Apr/2017:22:05:35 +0200] "GET /static/styles/app.css HTTP/1.1" 304 - 83
0:0:0:0:0:0:0:1 - - [14/Apr/2017:22:05:36 +0200] "GET /static/translations/gb.json HTTP/1.1" 304 - 35
0:0:0:0:0:0:0:1 - - [14/Apr/2017:22:05:37 +0200] "GET /api/subjects/3/available HTTP/1.1" 200 12 1212
0:0:0:0:0:0:0:1 - - [14/Apr/2017:22:05:37 +0200] "GET /api/subjects/3/students HTTP/1.1" 200 12 1217
0:0:0:0:0:0:0:1 - - [14/Apr/2017:22:05:37 +0200] "GET /api/professorRoles/subjects/3 HTTP/1.1" 200 12 35
0:0:0:0:0:0:0:1 - - [14/Apr/2017:22:05:37 +0200] "GET /api/subjects/3 HTTP/1.1" 200 103 1337
0:0:0:0:0:0:0:1 - - [14/Apr/2017:22:05:37 +0200] "GET /api/professors HTTP/1.1" 200 353 83
0:0:0:0:0:0:0:1 - - [14/Apr/2017:22:05:37 +0200] "GET /api/students HTTP/1.1" 200 580 1354
0:0:0:0:0:0:0:1 - - [14/Apr/2017:22:05:37 +0200] "GET /api/subjects/3/duties HTTP/1.1" 200 366 1390
0:0:0:0:0:0:0:1 - - [14/Apr/2017:22:05:37 +0200] "GET /api/subjectdependency/subject/3 HTTP/1.1" 200 296 1377
0:0:0:0:0:0:0:1 - - [14/Apr/2017:22:05:37 +0200] "GET / HTTP/1.1" 304 - 8
0:0:0:0:0:0:0:1 - - [14/Apr/2017:22:05:38 +0200] "GET /api/subjectdependency/subject/3 HTTP/1.1" 200 296 26
0:0:0:0:0:0:0:1 - - [14/Apr/2017:22:05:38 +0200] "GET /api/subjects/3/students HTTP/1.1" 200 12 15
0:0:0:0:0:0:0:1 - - [14/Apr/2017:22:05:38 +0200] "GET /api/subjects/3 HTTP/1.1" 200 103 75
0:0:0:0:0:0:0:1 - - [14/Apr/2017:22:05:38 +0200] "GET /api/subjects/3/available HTTP/1.1" 200 12 183
0:0:0:0:0:0:0:1 - - [14/Apr/2017:22:05:38 +0200] "GET /api/professorRoles/subjects/3 HTTP/1.1" 200 12 54
0:0:0:0:0:0:0:1 - - [14/Apr/2017:22:05:38 +0200] "GET /api/subjects/3/duties HTTP/1.1" 200 366 160
0:0:0:0:0:0:0:1 - - [14/Apr/2017:22:05:38 +0200] "GET /api/students HTTP/1.1" 200 580 189
0:0:0:0:0:0:0:1 - - [14/Apr/2017:22:05:38 +0200] "GET /api/professors HTTP/1.1" 200 353 112
0:0:0:0:0:0:0:1 - - [14/Apr/2017:22:05:44 +0200] "POST /api/subjects/3/students HTTP/1.1" 500 195 227
0:0:0:0:0:0:0:1 - - [14/Apr/2017:22:13:04 +0200] "GET / HTTP/1.1" 304 - 242
0:0:0:0:0:0:0:1 - - [14/Apr/2017:22:13:04 +0200] "GET /static/styles/app.css HTTP/1.1" 304 - 48
0:0:0:0:0:0:0:1 - - [14/Apr/2017:22:13:04 +0200] "GET /static/scripts/controllers/StudentController.js HTTP/1.1" 304 - 27
0:0:0:0:0:0:0:1 - - [14/Apr/2017:22:13:04 +0200] "GET /static/styles/font-awesome.css HTTP/1.1" 304 - 17
0:0:0:0:0:0:0:1 - - [14/Apr/2017:22:13:04 +0200] "GET /static/translations/gb.json HTTP/1.1" 304 - 22
0:0:0:0:0:0:0:1 - - [14/Apr/2017:22:13:06 +0200] "GET /api/subjects/3/available HTTP/1.1" 200 12 1168
0:0:0:0:0:0:0:1 - - [14/Apr/2017:22:13:06 +0200] "GET /api/subjects/3 HTTP/1.1" 200 103 1240
0:0:0:0:0:0:0:1 - - [14/Apr/2017:22:13:06 +0200] "GET /api/subjects/3/students HTTP/1.1" 200 296 1180
0:0:0:0:0:0:0:1 - - [14/Apr/2017:22:13:06 +0200] "GET /api/subjects/3/duties HTTP/1.1" 200 366 1236
0:0:0:0:0:0:0:1 - - [14/Apr/2017:22:13:06 +0200] "GET /api/professors HTTP/1.1" 200 353 89
0:0:0:0:0:0:0:1 - - [14/Apr/2017:22:13:06 +0200] "GET /api/students HTTP/1.1" 200 580 1203
0:0:0:0:0:0:0:1 - - [14/Apr/2017:22:13:06 +0200] "GET /api/professorRoles/subjects/3 HTTP/1.1" 200 12 34
0:0:0:0:0:0:0:1 - - [14/Apr/2017:22:13:06 +0200] "GET /api/subjectdependency/subject/3 HTTP/1.1" 200 296 1280
0:0:0:0:0:0:0:1 - - [14/Apr/2017:22:13:07 +0200] "GET / HTTP/1.1" 304 - 25
0:0:0:0:0:0:0:1 - - [14/Apr/2017:22:13:07 +0200] "GET /api/subjects/3 HTTP/1.1" 200 103 19
0:0:0:0:0:0:0:1 - - [14/Apr/2017:22:13:07 +0200] "GET /api/subjects/3/available HTTP/1.1" 200 12 41
0:0:0:0:0:0:0:1 - - [14/Apr/2017:22:13:07 +0200] "GET /api/subjects/3/students HTTP/1.1" 200 296 52
0:0:0:0:0:0:0:1 - - [14/Apr/2017:22:13:07 +0200] "GET /api/students HTTP/1.1" 200 580 28
0:0:0:0:0:0:0:1 - - [14/Apr/2017:22:13:07 +0200] "GET /api/subjectdependency/subject/3 HTTP/1.1" 200 296 126
0:0:0:0:0:0:0:1 - - [14/Apr/2017:22:13:07 +0200] "GET /api/professors HTTP/1.1" 200 353 32
0:0:0:0:0:0:0:1 - - [14/Apr/2017:22:13:07 +0200] "GET /api/professorRoles/subjects/3 HTTP/1.1" 200 12 33
0:0:0:0:0:0:0:1 - - [14/Apr/2017:22:13:07 +0200] "GET /api/subjects/3/duties HTTP/1.1" 200 366 91
0:0:0:0:0:0:0:1 - - [14/Apr/2017:22:13:11 +0200] "POST /api/subjects/3/students HTTP/1.1" 500 318 184
0:0:0:0:0:0:0:1 - - [14/Apr/2017:22:13:17 +0200] "GET / HTTP/1.1" 304 - 11
0:0:0:0:0:0:0:1 - - [14/Apr/2017:22:13:17 +0200] "GET /api/subjects/3 HTTP/1.1" 200 103 14
0:0:0:0:0:0:0:1 - - [14/Apr/2017:22:13:17 +0200] "GET /api/subjectdependency/subject/3 HTTP/1.1" 200 296 47
0:0:0:0:0:0:0:1 - - [14/Apr/2017:22:13:17 +0200] "GET /api/subjects/3/available HTTP/1.1" 200 12 37
0:0:0:0:0:0:0:1 - - [14/Apr/2017:22:13:17 +0200] "GET /api/students HTTP/1.1" 200 580 23
0:0:0:0:0:0:0:1 - - [14/Apr/2017:22:13:17 +0200] "GET /api/subjects/3/duties HTTP/1.1" 200 366 30
0:0:0:0:0:0:0:1 - - [14/Apr/2017:22:13:17 +0200] "GET /api/professorRoles/subjects/3 HTTP/1.1" 200 12 25
0:0:0:0:0:0:0:1 - - [14/Apr/2017:22:13:17 +0200] "GET /api/subjects/3/students HTTP/1.1" 200 12 148
0:0:0:0:0:0:0:1 - - [14/Apr/2017:22:13:17 +0200] "GET /api/professors HTTP/1.1" 200 353 156
0:0:0:0:0:0:0:1 - - [14/Apr/2017:22:13:18 +0200] "GET / HTTP/1.1" 304 - 9
0:0:0:0:0:0:0:1 - - [14/Apr/2017:22:13:19 +0200] "GET /api/subjects/3 HTTP/1.1" 200 103 10
0:0:0:0:0:0:0:1 - - [14/Apr/2017:22:13:19 +0200] "GET /api/subjects/3/available HTTP/1.1" 200 12 26
0:0:0:0:0:0:0:1 - - [14/Apr/2017:22:13:19 +0200] "GET /api/subjects/3/students HTTP/1.1" 200 12 10
0:0:0:0:0:0:0:1 - - [14/Apr/2017:22:13:19 +0200] "GET /api/students HTTP/1.1" 200 580 14
0:0:0:0:0:0:0:1 - - [14/Apr/2017:22:13:19 +0200] "GET /api/subjectdependency/subject/3 HTTP/1.1" 200 296 61
0:0:0:0:0:0:0:1 - - [14/Apr/2017:22:13:19 +0200] "GET /api/professors HTTP/1.1" 200 353 20
0:0:0:0:0:0:0:1 - - [14/Apr/2017:22:13:19 +0200] "GET /api/subjects/3/duties HTTP/1.1" 200 366 38
0:0:0:0:0:0:0:1 - - [14/Apr/2017:22:13:19 +0200] "GET /api/professorRoles/subjects/3 HTTP/1.1" 200 12 18
0:0:0:0:0:0:0:1 - - [14/Apr/2017:22:13:22 +0200] "GET /api/students?page=0&size=20 HTTP/1.1" 200 580 15
0:0:0:0:0:0:0:1 - - [14/Apr/2017:22:13:22 +0200] "GET /api/students/count HTTP/1.1" 200 11 12
0:0:0:0:0:0:0:1 - - [14/Apr/2017:22:13:22 +0200] "GET /api/students/search?size=20 HTTP/1.1" 200 12 13
0:0:0:0:0:0:0:1 - - [14/Apr/2017:22:13:22 +0200] "GET /api/students?page=0&size=20 HTTP/1.1" 200 580 13
0:0:0:0:0:0:0:1 - - [14/Apr/2017:22:13:23 +0200] "GET /static/views/student.html HTTP/1.1" 304 - 6
0:0:0:0:0:0:0:1 - - [14/Apr/2017:22:13:23 +0200] "GET /api/students/4 HTTP/1.1" 200 295 24
0:0:0:0:0:0:0:1 - - [14/Apr/2017:22:13:23 +0200] "GET /api/studentsubject/student/4 HTTP/1.1" 200 12 50
0:0:0:0:0:0:0:1 - - [14/Apr/2017:22:13:23 +0200] "GET /api/students/4/subjects HTTP/1.1" 200 12 43
0:0:0:0:0:0:0:1 - - [14/Apr/2017:22:13:23 +0200] "GET /api/students/4/payments HTTP/1.1" 200 12 21
0:0:0:0:0:0:0:1 - - [14/Apr/2017:22:13:23 +0200] "GET /%7B%7Buser.picturePath%7D%7D HTTP/1.1" 404 152 13
0:0:0:0:0:0:0:1 - - [14/Apr/2017:22:13:23 +0200] "GET /api/students/4/exams HTTP/1.1" 200 12 30
0:0:0:0:0:0:0:1 - - [14/Apr/2017:22:13:23 +0200] "GET /api/students/4/files HTTP/1.1" 200 12 97
0:0:0:0:0:0:0:1 - - [14/Apr/2017:22:13:24 +0200] "GET /api/students?page=0&size=20 HTTP/1.1" 200 580 20
0:0:0:0:0:0:0:1 - - [14/Apr/2017:22:13:24 +0200] "GET /api/students/count HTTP/1.1" 200 11 14
0:0:0:0:0:0:0:1 - - [14/Apr/2017:22:13:24 +0200] "GET /api/students/search?size=20 HTTP/1.1" 200 12 6
0:0:0:0:0:0:0:1 - - [14/Apr/2017:22:13:24 +0200] "GET /api/students?page=0&size=20 HTTP/1.1" 200 580 20
0:0:0:0:0:0:0:1 - - [14/Apr/2017:22:13:24 +0200] "GET /api/students/2 HTTP/1.1" 200 294 17
0:0:0:0:0:0:0:1 - - [14/Apr/2017:22:13:24 +0200] "GET /api/studentsubject/student/2 HTTP/1.1" 200 449 29
0:0:0:0:0:0:0:1 - - [14/Apr/2017:22:13:25 +0200] "GET /api/students/2/subjects HTTP/1.1" 200 100 13
0:0:0:0:0:0:0:1 - - [14/Apr/2017:22:13:25 +0200] "GET /api/students/2/files HTTP/1.1" 200 109 55
0:0:0:0:0:0:0:1 - - [14/Apr/2017:22:13:25 +0200] "GET /api/students/2/payments HTTP/1.1" 200 397 41
0:0:0:0:0:0:0:1 - - [14/Apr/2017:22:13:25 +0200] "GET /api/students/2/exams HTTP/1.1" 200 529 47
0:0:0:0:0:0:0:1 - - [14/Apr/2017:22:13:25 +0200] "GET /%7B%7Buser.picturePath%7D%7D HTTP/1.1" 404 152 14
0:0:0:0:0:0:0:1 - - [14/Apr/2017:22:13:27 +0200] "GET /api/subjects HTTP/1.1" 200 257 11
0:0:0:0:0:0:0:1 - - [14/Apr/2017:22:13:28 +0200] "GET /api/subjectdependency/subject/3 HTTP/1.1" 200 296 19
0:0:0:0:0:0:0:1 - - [14/Apr/2017:22:13:28 +0200] "GET /api/subjects/3/available HTTP/1.1" 200 12 23
0:0:0:0:0:0:0:1 - - [14/Apr/2017:22:13:28 +0200] "GET /api/subjects/3/students HTTP/1.1" 200 12 11
0:0:0:0:0:0:0:1 - - [14/Apr/2017:22:13:28 +0200] "GET /api/students HTTP/1.1" 200 580 11
0:0:0:0:0:0:0:1 - - [14/Apr/2017:22:13:28 +0200] "GET /api/subjects/3/duties HTTP/1.1" 200 366 9
0:0:0:0:0:0:0:1 - - [14/Apr/2017:22:13:28 +0200] "GET /api/professors HTTP/1.1" 200 353 11
0:0:0:0:0:0:0:1 - - [14/Apr/2017:22:13:28 +0200] "GET /api/subjects/3 HTTP/1.1" 200 103 118
0:0:0:0:0:0:0:1 - - [14/Apr/2017:22:13:28 +0200] "GET /api/professorRoles/subjects/3 HTTP/1.1" 200 12 24
0:0:0:0:0:0:0:1 - - [14/Apr/2017:22:13:31 +0200] "POST /api/subjects/3/students HTTP/1.1" 500 195 119
0:0:0:0:0:0:0:1 - - [14/Apr/2017:22:15:47 +0200] "GET /api/professors HTTP/1.1" 200 353 46
0:0:0:0:0:0:0:1 - - [14/Apr/2017:22:15:48 +0200] "GET /api/students?page=0&size=20 HTTP/1.1" 200 580 15
0:0:0:0:0:0:0:1 - - [14/Apr/2017:22:15:48 +0200] "GET /api/students/count HTTP/1.1" 200 11 10
0:0:0:0:0:0:0:1 - - [14/Apr/2017:22:15:48 +0200] "GET /api/students/search?size=20 HTTP/1.1" 200 12 9
0:0:0:0:0:0:0:1 - - [14/Apr/2017:22:15:48 +0200] "GET /api/students?page=0&size=20 HTTP/1.1" 200 580 15
0:0:0:0:0:0:0:1 - - [14/Apr/2017:22:15:49 +0200] "GET /api/subjects HTTP/1.1" 200 257 17
0:0:0:0:0:0:0:1 - - [14/Apr/2017:22:15:49 +0200] "GET /api/subjects/3 HTTP/1.1" 200 103 17
0:0:0:0:0:0:0:1 - - [14/Apr/2017:22:15:49 +0200] "GET /api/subjectdependency/subject/3 HTTP/1.1" 200 296 28
0:0:0:0:0:0:0:1 - - [14/Apr/2017:22:15:49 +0200] "GET /api/subjects/3/available HTTP/1.1" 200 12 74
0:0:0:0:0:0:0:1 - - [14/Apr/2017:22:15:49 +0200] "GET /api/students HTTP/1.1" 200 580 54
0:0:0:0:0:0:0:1 - - [14/Apr/2017:22:15:50 +0200] "GET /api/subjects/3/duties HTTP/1.1" 200 366 40
0:0:0:0:0:0:0:1 - - [14/Apr/2017:22:15:50 +0200] "GET /api/professorRoles/subjects/3 HTTP/1.1" 200 12 26
0:0:0:0:0:0:0:1 - - [14/Apr/2017:22:15:50 +0200] "GET /api/subjects/3/students HTTP/1.1" 200 296 223
0:0:0:0:0:0:0:1 - - [14/Apr/2017:22:15:50 +0200] "GET /api/professors HTTP/1.1" 200 353 87
0:0:0:0:0:0:0:1 - - [14/Apr/2017:22:15:51 +0200] "GET /api/subjects HTTP/1.1" 200 257 13
0:0:0:0:0:0:0:1 - - [14/Apr/2017:22:15:52 +0200] "GET /api/subjects/5 HTTP/1.1" 200 74 13
0:0:0:0:0:0:0:1 - - [14/Apr/2017:22:15:52 +0200] "GET /api/subjectdependency/subject/5 HTTP/1.1" 200 115 13
0:0:0:0:0:0:0:1 - - [14/Apr/2017:22:15:52 +0200] "GET /api/subjects/5/students HTTP/1.1" 200 12 10
0:0:0:0:0:0:0:1 - - [14/Apr/2017:22:15:52 +0200] "GET /api/subjects/5/duties HTTP/1.1" 200 12 9
0:0:0:0:0:0:0:1 - - [14/Apr/2017:22:15:52 +0200] "GET /api/students HTTP/1.1" 200 580 9
0:0:0:0:0:0:0:1 - - [14/Apr/2017:22:15:52 +0200] "GET /api/professors HTTP/1.1" 200 353 14
0:0:0:0:0:0:0:1 - - [14/Apr/2017:22:15:52 +0200] "GET /api/subjects/5/available HTTP/1.1" 200 100 66
0:0:0:0:0:0:0:1 - - [14/Apr/2017:22:15:52 +0200] "GET /api/professorRoles/subjects/5 HTTP/1.1" 200 12 49
0:0:0:0:0:0:0:1 - - [14/Apr/2017:22:15:57 +0200] "GET /api/students?page=0&size=20 HTTP/1.1" 200 580 28
0:0:0:0:0:0:0:1 - - [14/Apr/2017:22:15:57 +0200] "GET /api/students/search?size=20 HTTP/1.1" 200 12 7
0:0:0:0:0:0:0:1 - - [14/Apr/2017:22:15:57 +0200] "GET /api/students/count HTTP/1.1" 200 11 22
0:0:0:0:0:0:0:1 - - [14/Apr/2017:22:15:57 +0200] "GET /api/students?page=0&size=20 HTTP/1.1" 200 580 19
0:0:0:0:0:0:0:1 - - [14/Apr/2017:22:15:58 +0200] "GET /api/subjects HTTP/1.1" 200 257 12
0:0:0:0:0:0:0:1 - - [14/Apr/2017:22:29:28 +0200] "GET /api/subjectdependency/subject/4 HTTP/1.1" 200 139 61
0:0:0:0:0:0:0:1 - - [14/Apr/2017:22:29:28 +0200] "GET /api/subjects/4/available HTTP/1.1" 200 76 37
0:0:0:0:0:0:0:1 - - [14/Apr/2017:22:29:28 +0200] "GET /api/professors HTTP/1.1" 200 353 14
0:0:0:0:0:0:0:1 - - [14/Apr/2017:22:29:28 +0200] "GET /api/subjects/4 HTTP/1.1" 200 98 131
0:0:0:0:0:0:0:1 - - [14/Apr/2017:22:29:28 +0200] "GET /api/students HTTP/1.1" 200 580 12
0:0:0:0:0:0:0:1 - - [14/Apr/2017:22:29:28 +0200] "GET /api/subjects/4/duties HTTP/1.1" 200 12 9
0:0:0:0:0:0:0:1 - - [14/Apr/2017:22:29:28 +0200] "GET /api/professorRoles/subjects/4 HTTP/1.1" 200 12 30
0:0:0:0:0:0:0:1 - - [14/Apr/2017:22:29:28 +0200] "GET /api/subjects/4/students HTTP/1.1" 200 296 65
0:0:0:0:0:0:0:1 - - [14/Apr/2017:22:29:33 +0200] "GET /api/subjects HTTP/1.1" 200 257 14
0:0:0:0:0:0:0:1 - - [14/Apr/2017:22:31:51 +0200] "GET /api/students?page=0&size=20 HTTP/1.1" 200 580 15
0:0:0:0:0:0:0:1 - - [14/Apr/2017:22:31:51 +0200] "GET /api/students/count HTTP/1.1" 200 11 16
0:0:0:0:0:0:0:1 - - [14/Apr/2017:22:31:51 +0200] "GET /api/students/search?size=20 HTTP/1.1" 200 12 7
0:0:0:0:0:0:0:1 - - [14/Apr/2017:22:31:51 +0200] "GET /api/students?page=0&size=20 HTTP/1.1" 200 580 42
0:0:0:0:0:0:0:1 - - [14/Apr/2017:22:31:52 +0200] "GET /api/students/2/files HTTP/1.1" 200 109 26
0:0:0:0:0:0:0:1 - - [14/Apr/2017:22:31:52 +0200] "GET /api/studentsubject/student/2 HTTP/1.1" 200 449 45
0:0:0:0:0:0:0:1 - - [14/Apr/2017:22:31:52 +0200] "GET /api/students/2 HTTP/1.1" 200 294 58
0:0:0:0:0:0:0:1 - - [14/Apr/2017:22:31:52 +0200] "GET /api/students/2/payments HTTP/1.1" 200 397 29
0:0:0:0:0:0:0:1 - - [14/Apr/2017:22:31:52 +0200] "GET /api/students/2/subjects HTTP/1.1" 200 193 16
0:0:0:0:0:0:0:1 - - [14/Apr/2017:22:31:52 +0200] "GET /api/students/2/exams HTTP/1.1" 200 529 43
0:0:0:0:0:0:0:1 - - [14/Apr/2017:22:31:52 +0200] "GET /%7B%7Buser.picturePath%7D%7D HTTP/1.1" 404 152 17
0:0:0:0:0:0:0:1 - - [14/Apr/2017:22:31:54 +0200] "GET /api/professors HTTP/1.1" 200 353 8
0:0:0:0:0:0:0:1 - - [14/Apr/2017:22:31:54 +0200] "GET /api/subjects HTTP/1.1" 200 257 10
0:0:0:0:0:0:0:1 - - [14/Apr/2017:22:31:55 +0200] "GET /api/subjects/3 HTTP/1.1" 200 103 12
0:0:0:0:0:0:0:1 - - [14/Apr/2017:22:31:55 +0200] "GET /api/subjects/3/available HTTP/1.1" 200 12 25
0:0:0:0:0:0:0:1 - - [14/Apr/2017:22:31:55 +0200] "GET /api/subjectdependency/subject/3 HTTP/1.1" 200 296 56
0:0:0:0:0:0:0:1 - - [14/Apr/2017:22:31:55 +0200] "GET /api/students HTTP/1.1" 200 580 12
0:0:0:0:0:0:0:1 - - [14/Apr/2017:22:31:55 +0200] "GET /api/subjects/3/duties HTTP/1.1" 200 366 13
0:0:0:0:0:0:0:1 - - [14/Apr/2017:22:31:55 +0200] "GET /api/professors HTTP/1.1" 200 353 13
0:0:0:0:0:0:0:1 - - [14/Apr/2017:22:31:55 +0200] "GET /api/professorRoles/subjects/3 HTTP/1.1" 200 12 17
0:0:0:0:0:0:0:1 - - [14/Apr/2017:22:31:55 +0200] "GET /api/subjects/3/students HTTP/1.1" 200 296 67
0:0:0:0:0:0:0:1 - - [14/Apr/2017:22:31:58 +0200] "POST /api/subjects/3/students HTTP/1.1" 500 318 83
